<?xml version="1.0" encoding="utf-8"?>
<TestRun id="aaf10961-4a4b-4755-8b57-c136ab0d2549" name="Rafael@NTMAC-TEC62 2025-09-01 22:17:33" runUser="NTMAC-TEC62\Rafael" xmlns="http://microsoft.com/schemas/VisualStudio/TeamTest/2010">
  <Times creation="2025-09-01T22:17:33.5892941-03:00" queuing="2025-09-01T22:17:33.5892942-03:00" start="2025-09-01T22:17:32.3731046-03:00" finish="2025-09-01T22:17:34.4900650-03:00" />
  <TestSettings name="default" id="534f1e44-d991-4982-9887-6a8d78081a83">
    <Deployment runDeploymentRoot="Rafael_NTMAC-TEC62_2025-09-01_22_17_33" />
  </TestSettings>
  <Results>
    <UnitTestResult executionId="016e36b9-a883-4ff5-a127-6bc94c30d0bc" testId="34f6ad53-d154-1ddb-9f51-b4703a724d3a" testName="OmniSuite.Tests.Application.Authentication.Validations.LoginValidationTests.ValidateAsync_WithInactiveUser_ShouldFailValidation" computerName="NTMAC-TEC62" duration="00:00:00.0015926" startTime="2025-09-01T22:17:34.1130674-03:00" endTime="2025-09-01T22:17:34.1130678-03:00" testType="13cdc9d9-ddb5-4fa4-a97d-d965ccfc6d4b" outcome="Passed" testListId="8c84fa94-04c1-424b-9868-57a2d4851a1d" relativeResultsDirectory="016e36b9-a883-4ff5-a127-6bc94c30d0bc" />
    <UnitTestResult executionId="a5300a63-d4e8-4fc5-8880-46915401c3c3" testId="77529bce-9561-641b-f18c-f7ec35e36e2f" testName="OmniSuite.Tests.API.Controllers.UserControllerTests.Constructor_ShouldCreateInstance" computerName="NTMAC-TEC62" duration="00:00:00.0001802" startTime="2025-09-01T22:17:33.6453956-03:00" endTime="2025-09-01T22:17:33.6453957-03:00" testType="13cdc9d9-ddb5-4fa4-a97d-d965ccfc6d4b" outcome="Passed" testListId="8c84fa94-04c1-424b-9868-57a2d4851a1d" relativeResultsDirectory="a5300a63-d4e8-4fc5-8880-46915401c3c3" />
    <UnitTestResult executionId="024b1a8f-cf19-4699-85c4-d3f6617eec52" testId="f1c4309a-f4f8-eb7a-5480-6e7ee8fa226f" testName="OmniSuite.Tests.Domain.Entities.UserTests.User_WhenCollectionsModified_ShouldReflectChanges" computerName="NTMAC-TEC62" duration="00:00:00.0010640" startTime="2025-09-01T22:17:33.5778120-03:00" endTime="2025-09-01T22:17:33.5778120-03:00" testType="13cdc9d9-ddb5-4fa4-a97d-d965ccfc6d4b" outcome="Passed" testListId="8c84fa94-04c1-424b-9868-57a2d4851a1d" relativeResultsDirectory="024b1a8f-cf19-4699-85c4-d3f6617eec52" />
    <UnitTestResult executionId="a8bdbd3d-e731-4b3c-ba59-8fcb48321fb5" testId="5a417d54-d978-28b1-01f4-37afc8427fff" testName="OmniSuite.Tests.Application.User.UserQueryHandlerTests.Handle_UserLoggedQuery_WithNonExistentUser_ShouldReturnFailure" computerName="NTMAC-TEC62" duration="00:00:00.0016772" startTime="2025-09-01T22:17:34.0733516-03:00" endTime="2025-09-01T22:17:34.0733518-03:00" testType="13cdc9d9-ddb5-4fa4-a97d-d965ccfc6d4b" outcome="Passed" testListId="8c84fa94-04c1-424b-9868-57a2d4851a1d" relativeResultsDirectory="a8bdbd3d-e731-4b3c-ba59-8fcb48321fb5" />
    <UnitTestResult executionId="4a758db7-9f6f-4023-8626-723bb2eee8ee" testId="3ac3905f-81d6-4e01-3d71-764e42945339" testName="OmniSuite.Tests.API.Controllers.UserControllerTests.SetupMFA_WhenCalled_ShouldReturnOkResult" computerName="NTMAC-TEC62" duration="00:00:00.0005849" startTime="2025-09-01T22:17:33.6312903-03:00" endTime="2025-09-01T22:17:33.6312904-03:00" testType="13cdc9d9-ddb5-4fa4-a97d-d965ccfc6d4b" outcome="Passed" testListId="8c84fa94-04c1-424b-9868-57a2d4851a1d" relativeResultsDirectory="4a758db7-9f6f-4023-8626-723bb2eee8ee" />
    <UnitTestResult executionId="10355a28-efcc-4910-81fd-054f3f0c6102" testId="433a7199-899b-9a0f-89dc-e44aa6e491bd" testName="OmniSuite.Tests.API.Controllers.UserControllerTests.Controller_ShouldHaveRequiredMethods(methodName: &quot;Update&quot;)" computerName="NTMAC-TEC62" duration="00:00:00.0000698" startTime="2025-09-01T22:17:33.6295086-03:00" endTime="2025-09-01T22:17:33.6295086-03:00" testType="13cdc9d9-ddb5-4fa4-a97d-d965ccfc6d4b" outcome="Passed" testListId="8c84fa94-04c1-424b-9868-57a2d4851a1d" relativeResultsDirectory="10355a28-efcc-4910-81fd-054f3f0c6102" />
    <UnitTestResult executionId="caf39016-3ab4-45e9-90de-8268f99dadd3" testId="8f5a8278-6578-77ac-a0ed-4c40c855e497" testName="OmniSuite.Tests.API.Controllers.UserControllerTests.UpdateUser_WhenCalled_ShouldReturnCorrectResponseType" computerName="NTMAC-TEC62" duration="00:00:00.0065787" startTime="2025-09-01T22:17:33.6398106-03:00" endTime="2025-09-01T22:17:33.6398107-03:00" testType="13cdc9d9-ddb5-4fa4-a97d-d965ccfc6d4b" outcome="Passed" testListId="8c84fa94-04c1-424b-9868-57a2d4851a1d" relativeResultsDirectory="caf39016-3ab4-45e9-90de-8268f99dadd3" />
    <UnitTestResult executionId="20e7df48-37fe-49aa-8a6a-3e2eeb80ab18" testId="caacaf26-56da-69f1-33cd-c85b76911b51" testName="OmniSuite.Tests.Application.User.UserQueryHandlerTests.Handle_GetUserQuery_WithNonExistentUser_ShouldReturnFailure" computerName="NTMAC-TEC62" duration="00:00:00.0471222" startTime="2025-09-01T22:17:34.0524290-03:00" endTime="2025-09-01T22:17:34.0524291-03:00" testType="13cdc9d9-ddb5-4fa4-a97d-d965ccfc6d4b" outcome="Passed" testListId="8c84fa94-04c1-424b-9868-57a2d4851a1d" relativeResultsDirectory="20e7df48-37fe-49aa-8a6a-3e2eeb80ab18" />
    <UnitTestResult executionId="db2ad8b1-ba62-475d-8bab-75d988d87b7d" testId="8e1a103a-d2cd-982d-c8fd-102bd423b483" testName="OmniSuite.Tests.API.Controllers.UserControllerTests.Controller_ShouldHaveRequiredMethods(methodName: &quot;CreateMFA&quot;)" computerName="NTMAC-TEC62" duration="00:00:00.0000967" startTime="2025-09-01T22:17:33.6289644-03:00" endTime="2025-09-01T22:17:33.6289645-03:00" testType="13cdc9d9-ddb5-4fa4-a97d-d965ccfc6d4b" outcome="Passed" testListId="8c84fa94-04c1-424b-9868-57a2d4851a1d" relativeResultsDirectory="db2ad8b1-ba62-475d-8bab-75d988d87b7d" />
    <UnitTestResult executionId="2f8e6e05-40d8-4891-82de-69c43e586be4" testId="14fd9431-6249-2111-4e0a-b74ac2fe6e90" testName="OmniSuite.Tests.Application.Pipeline.ValidationBehaviorTests.Handle_WhenNoValidators_ShouldCallNextHandler" computerName="NTMAC-TEC62" duration="00:00:00.0072017" startTime="2025-09-01T22:17:33.5918941-03:00" endTime="2025-09-01T22:17:33.5918943-03:00" testType="13cdc9d9-ddb5-4fa4-a97d-d965ccfc6d4b" outcome="Passed" testListId="8c84fa94-04c1-424b-9868-57a2d4851a1d" relativeResultsDirectory="2f8e6e05-40d8-4891-82de-69c43e586be4" />
    <UnitTestResult executionId="49c268be-29ff-44e6-a54b-3df4502e75b4" testId="1ee506b1-38a1-0727-f81b-93fabdaa9b48" testName="OmniSuite.Tests.Domain.Utils.UserClaimsHelperTests.GetUserId_WhenUserIsNotAuthenticated_ShouldReturnEmptyGuid" computerName="NTMAC-TEC62" duration="00:00:00.0002361" startTime="2025-09-01T22:17:33.6270224-03:00" endTime="2025-09-01T22:17:33.6270224-03:00" testType="13cdc9d9-ddb5-4fa4-a97d-d965ccfc6d4b" outcome="Passed" testListId="8c84fa94-04c1-424b-9868-57a2d4851a1d" relativeResultsDirectory="49c268be-29ff-44e6-a54b-3df4502e75b4" />
    <UnitTestResult executionId="20e4cbfa-5aac-454a-a011-dc2a7b3c1943" testId="42e979ce-2d10-4b26-9e3f-be0f50f44c05" testName="OmniSuite.Tests.Domain.Enums.UserStatusEnumTests.UserStatusEnum_ShouldHaveCorrectNumericValues(status: registered, expectedValue: 1)" computerName="NTMAC-TEC62" duration="00:00:00.0000033" startTime="2025-09-01T22:17:33.5754049-03:00" endTime="2025-09-01T22:17:33.5754049-03:00" testType="13cdc9d9-ddb5-4fa4-a97d-d965ccfc6d4b" outcome="Passed" testListId="8c84fa94-04c1-424b-9868-57a2d4851a1d" relativeResultsDirectory="20e4cbfa-5aac-454a-a011-dc2a7b3c1943" />
    <UnitTestResult executionId="b8e3c3eb-62d3-49bc-8bf3-eb7753e20702" testId="c2dcc7a0-7f32-9648-d063-18ca88902d13" testName="OmniSuite.Tests.Application.Authentication.Validations.LoginValidationTests.ValidateAsync_WithNonExistentUser_ShouldFailValidation" computerName="NTMAC-TEC62" duration="00:00:00.0147696" startTime="2025-09-01T22:17:34.0259917-03:00" endTime="2025-09-01T22:17:34.0259919-03:00" testType="13cdc9d9-ddb5-4fa4-a97d-d965ccfc6d4b" outcome="Passed" testListId="8c84fa94-04c1-424b-9868-57a2d4851a1d" relativeResultsDirectory="b8e3c3eb-62d3-49bc-8bf3-eb7753e20702" />
    <UnitTestResult executionId="c5f8bfd4-ebe4-4cad-a13b-a18555669b96" testId="03576dc0-fee3-ea68-49f4-aa9cada5bc3f" testName="OmniSuite.Tests.Domain.Entities.UserTests.User_WhenCreated_ShouldHaveDefaultValues" computerName="NTMAC-TEC62" duration="00:00:00.0010125" startTime="2025-09-01T22:17:33.5783151-03:00" endTime="2025-09-01T22:17:33.5783151-03:00" testType="13cdc9d9-ddb5-4fa4-a97d-d965ccfc6d4b" outcome="Passed" testListId="8c84fa94-04c1-424b-9868-57a2d4851a1d" relativeResultsDirectory="c5f8bfd4-ebe4-4cad-a13b-a18555669b96" />
    <UnitTestResult executionId="70bf56bf-bf47-4be0-89ac-635f21f0e3bc" testId="ad22fb32-a319-284f-ab63-b65dd585d671" testName="OmniSuite.Tests.Application.Authentication.Validations.LoginValidationTests.ValidateAsync_WithInvalidPassword_ShouldFailValidation" computerName="NTMAC-TEC62" duration="00:00:00.0802960" startTime="2025-09-01T22:17:34.1112826-03:00" endTime="2025-09-01T22:17:34.1112827-03:00" testType="13cdc9d9-ddb5-4fa4-a97d-d965ccfc6d4b" outcome="Passed" testListId="8c84fa94-04c1-424b-9868-57a2d4851a1d" relativeResultsDirectory="70bf56bf-bf47-4be0-89ac-635f21f0e3bc" />
    <UnitTestResult executionId="c702e3e7-dfab-45e1-83ac-4242f5c5a264" testId="459dbc4f-1d16-db8d-ae6f-8f824999e85d" testName="OmniSuite.Tests.API.Controllers.UserControllerTests.Controller_ShouldHaveRequiredMethods(methodName: &quot;GetUserLogged&quot;)" computerName="NTMAC-TEC62" duration="00:00:00.0000693" startTime="2025-09-01T22:17:33.6305734-03:00" endTime="2025-09-01T22:17:33.6305735-03:00" testType="13cdc9d9-ddb5-4fa4-a97d-d965ccfc6d4b" outcome="Passed" testListId="8c84fa94-04c1-424b-9868-57a2d4851a1d" relativeResultsDirectory="c702e3e7-dfab-45e1-83ac-4242f5c5a264" />
    <UnitTestResult executionId="fa9f1fa8-5c10-49e8-88bd-f96a5e88d88b" testId="645d5822-85b6-a8a7-abdc-310ae45769d9" testName="OmniSuite.Tests.Domain.Utils.UserClaimsHelperTests.GetUserId_WhenMultipleNameIdentifierClaims_ShouldReturnFirstValidOne" computerName="NTMAC-TEC62" duration="00:00:00.0002832" startTime="2025-09-01T22:17:33.6259919-03:00" endTime="2025-09-01T22:17:33.6259919-03:00" testType="13cdc9d9-ddb5-4fa4-a97d-d965ccfc6d4b" outcome="Passed" testListId="8c84fa94-04c1-424b-9868-57a2d4851a1d" relativeResultsDirectory="fa9f1fa8-5c10-49e8-88bd-f96a5e88d88b" />
    <UnitTestResult executionId="1057cbc7-3293-40d8-b4ea-75274b7b4187" testId="860af80c-2a57-34e2-6b23-29ed7c82fe3d" testName="OmniSuite.Tests.API.Controllers.UserControllerTests.Controller_ShouldHaveAuthorizeAttribute" computerName="NTMAC-TEC62" duration="00:00:00.0001755" startTime="2025-09-01T22:17:33.6256065-03:00" endTime="2025-09-01T22:17:33.6256066-03:00" testType="13cdc9d9-ddb5-4fa4-a97d-d965ccfc6d4b" outcome="Passed" testListId="8c84fa94-04c1-424b-9868-57a2d4851a1d" relativeResultsDirectory="1057cbc7-3293-40d8-b4ea-75274b7b4187" />
    <UnitTestResult executionId="2715512b-a5ff-4afb-967c-c74043b81c9c" testId="17868378-f4fa-d249-3892-aa7b3c71562c" testName="OmniSuite.Tests.Domain.Enums.UserStatusEnumTests.UserStatusEnum_ShouldHaveDistinctValues" computerName="NTMAC-TEC62" duration="00:00:00.0016271" startTime="2025-09-01T22:17:33.5755661-03:00" endTime="2025-09-01T22:17:33.5755661-03:00" testType="13cdc9d9-ddb5-4fa4-a97d-d965ccfc6d4b" outcome="Passed" testListId="8c84fa94-04c1-424b-9868-57a2d4851a1d" relativeResultsDirectory="2715512b-a5ff-4afb-967c-c74043b81c9c" />
    <UnitTestResult executionId="86b83ab0-0316-45b5-aca1-6e8d707d57e3" testId="cf05d223-c33b-f0e6-41de-e9cdc34ed149" testName="OmniSuite.Tests.Application.User.UserQueryHandlerTests.Handle_CreateMFAUserCommand_WithValidCode_ShouldEnableMFA" computerName="NTMAC-TEC62" duration="00:00:00.0047901" startTime="2025-09-01T22:17:34.0572831-03:00" endTime="2025-09-01T22:17:34.0572832-03:00" testType="13cdc9d9-ddb5-4fa4-a97d-d965ccfc6d4b" outcome="Passed" testListId="8c84fa94-04c1-424b-9868-57a2d4851a1d" relativeResultsDirectory="86b83ab0-0316-45b5-aca1-6e8d707d57e3" />
    <UnitTestResult executionId="4cd22cd5-6f9e-4a2d-92cc-6e9cc25cd7e0" testId="cf01a290-c4a5-170f-e547-8521d21b33d5" testName="OmniSuite.Tests.API.Controllers.UserControllerTests.Controller_ShouldHaveRequiredMethods(methodName: &quot;GetByEmail&quot;)" computerName="NTMAC-TEC62" duration="00:00:00.0002910" startTime="2025-09-01T22:17:33.6286020-03:00" endTime="2025-09-01T22:17:33.6286021-03:00" testType="13cdc9d9-ddb5-4fa4-a97d-d965ccfc6d4b" outcome="Passed" testListId="8c84fa94-04c1-424b-9868-57a2d4851a1d" relativeResultsDirectory="4cd22cd5-6f9e-4a2d-92cc-6e9cc25cd7e0" />
    <UnitTestResult executionId="daef8735-860b-4391-a178-ceec95dae330" testId="c5cbf1dd-63a0-72e0-0047-69dca8744639" testName="OmniSuite.Tests.Domain.Enums.UserStatusEnumTests.UserStatusEnum_ShouldHaveCorrectNumericValues(status: inactive, expectedValue: 0)" computerName="NTMAC-TEC62" duration="00:00:00.0003704" startTime="2025-09-01T22:17:33.5749326-03:00" endTime="2025-09-01T22:17:33.5749327-03:00" testType="13cdc9d9-ddb5-4fa4-a97d-d965ccfc6d4b" outcome="Passed" testListId="8c84fa94-04c1-424b-9868-57a2d4851a1d" relativeResultsDirectory="daef8735-860b-4391-a178-ceec95dae330" />
    <UnitTestResult executionId="3a16d142-0da2-467a-bd5b-b496a17cfd90" testId="c5e4137f-1317-c3a6-3fae-d169e4c0c665" testName="OmniSuite.Tests.Application.User.UserQueryHandlerTests.Handle_CreateMFAUserCommand_WithInvalidCode_ShouldReturnFailure" computerName="NTMAC-TEC62" duration="00:00:00.6778375" startTime="2025-09-01T22:17:34.0052252-03:00" endTime="2025-09-01T22:17:34.0052255-03:00" testType="13cdc9d9-ddb5-4fa4-a97d-d965ccfc6d4b" outcome="Passed" testListId="8c84fa94-04c1-424b-9868-57a2d4851a1d" relativeResultsDirectory="3a16d142-0da2-467a-bd5b-b496a17cfd90" />
    <UnitTestResult executionId="efa0bf7c-c978-4b91-a998-5a487758a46b" testId="b0ba48d1-3665-6ac7-93aa-233d3eef33f2" testName="OmniSuite.Tests.Domain.Enums.UserStatusEnumTests.UserStatusEnum_ShouldBeParseable" computerName="NTMAC-TEC62" duration="00:00:00.0005424" startTime="2025-09-01T22:17:33.5758879-03:00" endTime="2025-09-01T22:17:33.5758880-03:00" testType="13cdc9d9-ddb5-4fa4-a97d-d965ccfc6d4b" outcome="Passed" testListId="8c84fa94-04c1-424b-9868-57a2d4851a1d" relativeResultsDirectory="efa0bf7c-c978-4b91-a998-5a487758a46b" />
    <UnitTestResult executionId="b1f7518b-b5b8-48b5-9877-bdfaf8f32765" testId="a3bb2723-9de5-3f82-06c9-44398ac9897d" testName="OmniSuite.Tests.Domain.Entities.UserTests.User_WhenDocumentSet_ShouldStoreDocumentNumber" computerName="NTMAC-TEC62" duration="00:00:00.0002012" startTime="2025-09-01T22:17:33.5746893-03:00" endTime="2025-09-01T22:17:33.5746894-03:00" testType="13cdc9d9-ddb5-4fa4-a97d-d965ccfc6d4b" outcome="Passed" testListId="8c84fa94-04c1-424b-9868-57a2d4851a1d" relativeResultsDirectory="b1f7518b-b5b8-48b5-9877-bdfaf8f32765" />
    <UnitTestResult executionId="803531ca-75a6-46ee-bdfc-5e90a930f9b8" testId="7b074a97-8dca-5ffe-d801-d6a2efa88984" testName="OmniSuite.Tests.Application.Authentication.AuthenticationHandlerTests.Handle_RefreshTokenCommand_WithExpiredToken_ShouldReturnFailure" computerName="NTMAC-TEC62" duration="00:00:00.0092669" startTime="2025-09-01T22:17:34.0405011-03:00" endTime="2025-09-01T22:17:34.0405012-03:00" testType="13cdc9d9-ddb5-4fa4-a97d-d965ccfc6d4b" outcome="Passed" testListId="8c84fa94-04c1-424b-9868-57a2d4851a1d" relativeResultsDirectory="803531ca-75a6-46ee-bdfc-5e90a930f9b8" />
    <UnitTestResult executionId="2ab6ab89-a2e7-4660-92a5-392c1b4a6c6c" testId="76223c26-36b4-833a-0358-af8219f45b91" testName="OmniSuite.Tests.Application.Authentication.AuthenticationHandlerTests.Handle_LoginCommand_ShouldUpdateUserRefreshToken" computerName="NTMAC-TEC62" duration="00:00:00.6836166" startTime="2025-09-01T22:17:34.0109619-03:00" endTime="2025-09-01T22:17:34.0109621-03:00" testType="13cdc9d9-ddb5-4fa4-a97d-d965ccfc6d4b" outcome="Passed" testListId="8c84fa94-04c1-424b-9868-57a2d4851a1d" relativeResultsDirectory="2ab6ab89-a2e7-4660-92a5-392c1b4a6c6c" />
    <UnitTestResult executionId="843c1895-a629-4617-9b33-ddfb284a4c14" testId="149d98a7-c055-7910-1a80-eace83b75200" testName="OmniSuite.Tests.API.Controllers.UserControllerTests.GetUserLogged_WhenCalled_ShouldReturnCorrectResponseType" computerName="NTMAC-TEC62" duration="00:00:00.0005727" startTime="2025-09-01T22:17:33.6436948-03:00" endTime="2025-09-01T22:17:33.6436951-03:00" testType="13cdc9d9-ddb5-4fa4-a97d-d965ccfc6d4b" outcome="Passed" testListId="8c84fa94-04c1-424b-9868-57a2d4851a1d" relativeResultsDirectory="843c1895-a629-4617-9b33-ddfb284a4c14" />
    <UnitTestResult executionId="631ac6b5-a837-462c-b632-b7924e8806b0" testId="20f86969-8d7a-2e93-1cd6-2fbb64b22668" testName="OmniSuite.Tests.Application.User.UserQueryHandlerTests.Handle_SetupMFAQuery_ShouldReturnMFAConfiguration" computerName="NTMAC-TEC62" duration="00:00:00.0058561" startTime="2025-09-01T22:17:34.0792631-03:00" endTime="2025-09-01T22:17:34.0792634-03:00" testType="13cdc9d9-ddb5-4fa4-a97d-d965ccfc6d4b" outcome="Passed" testListId="8c84fa94-04c1-424b-9868-57a2d4851a1d" relativeResultsDirectory="631ac6b5-a837-462c-b632-b7924e8806b0" />
    <UnitTestResult executionId="306baab4-096e-4e20-870d-cf7f02d64a39" testId="edd00216-f22f-3f18-d82f-0cc5a03c7f30" testName="OmniSuite.Tests.API.Controllers.UserControllerTests.GetUser_WhenCalled_ShouldReturnCorrectResponseType" computerName="NTMAC-TEC62" duration="00:00:00.0011585" startTime="2025-09-01T22:17:33.6254284-03:00" endTime="2025-09-01T22:17:33.6254284-03:00" testType="13cdc9d9-ddb5-4fa4-a97d-d965ccfc6d4b" outcome="Passed" testListId="8c84fa94-04c1-424b-9868-57a2d4851a1d" relativeResultsDirectory="306baab4-096e-4e20-870d-cf7f02d64a39" />
    <UnitTestResult executionId="3077354a-d6f5-40e4-8a40-400c61af83d0" testId="f02aac49-fb7c-1840-74e9-4dff1aa3ea8f" testName="OmniSuite.Tests.Domain.Utils.UserClaimsHelperTests.GetUserId_WithVariousValidGuidFormats_ShouldReturnCorrectGuid(guidString: &quot;aaaaaaaa-aaaa-aaaa-aaaa-aaaaaaaaaaaa&quot;)" computerName="NTMAC-TEC62" duration="00:00:00.0007170" startTime="2025-09-01T22:17:33.6242411-03:00" endTime="2025-09-01T22:17:33.6242414-03:00" testType="13cdc9d9-ddb5-4fa4-a97d-d965ccfc6d4b" outcome="Passed" testListId="8c84fa94-04c1-424b-9868-57a2d4851a1d" relativeResultsDirectory="3077354a-d6f5-40e4-8a40-400c61af83d0" />
    <UnitTestResult executionId="efe8d002-3905-48f2-867b-4ea87a9f0d32" testId="ce8d2c2b-5d7d-d2aa-d646-b4b6c75415e1" testName="OmniSuite.Tests.Domain.Utils.UserClaimsHelperTests.GetUserId_WhenConfiguredWithValidHttpContextAccessor_ShouldWorkCorrectly" computerName="NTMAC-TEC62" duration="00:00:00.0448814" startTime="2025-09-01T22:17:33.6234484-03:00" endTime="2025-09-01T22:17:33.6234485-03:00" testType="13cdc9d9-ddb5-4fa4-a97d-d965ccfc6d4b" outcome="Passed" testListId="8c84fa94-04c1-424b-9868-57a2d4851a1d" relativeResultsDirectory="efe8d002-3905-48f2-867b-4ea87a9f0d32" />
    <UnitTestResult executionId="b186946d-85cf-40c9-bd55-a9996a96f775" testId="981b668b-1cc2-7f81-1ffc-ba92edf5122b" testName="OmniSuite.Tests.Application.Authentication.Validations.LoginValidationTests.ValidateAsync_WithInvalidEmailFormats_ShouldFailValidation(email: &quot;&quot;)" computerName="NTMAC-TEC62" duration="00:00:00.0005750" startTime="2025-09-01T22:17:34.0306442-03:00" endTime="2025-09-01T22:17:34.0306443-03:00" testType="13cdc9d9-ddb5-4fa4-a97d-d965ccfc6d4b" outcome="Passed" testListId="8c84fa94-04c1-424b-9868-57a2d4851a1d" relativeResultsDirectory="b186946d-85cf-40c9-bd55-a9996a96f775" />
    <UnitTestResult executionId="ee68e320-6645-46c8-b766-18d206937c9a" testId="ca4eb2eb-dae0-98ec-a789-4641b930f5cb" testName="OmniSuite.Tests.Application.Authentication.AuthenticationHandlerTests.Handle_RefreshTokenCommand_WithInvalidToken_ShouldReturnFailure" computerName="NTMAC-TEC62" duration="00:00:00.0043926" startTime="2025-09-01T22:17:34.0305325-03:00" endTime="2025-09-01T22:17:34.0305326-03:00" testType="13cdc9d9-ddb5-4fa4-a97d-d965ccfc6d4b" outcome="Passed" testListId="8c84fa94-04c1-424b-9868-57a2d4851a1d" relativeResultsDirectory="ee68e320-6645-46c8-b766-18d206937c9a" />
    <UnitTestResult executionId="b27284f4-74cb-4986-9111-ba2e43617009" testId="f2be6c2b-dd65-346e-bcf3-aaca2788e2dc" testName="OmniSuite.Tests.Domain.Utils.UserClaimsHelperTests.GetUserId_WhenUserIdentityIsNull_ShouldReturnEmptyGuid" computerName="NTMAC-TEC62" duration="00:00:00.0002494" startTime="2025-09-01T22:17:33.6261633-03:00" endTime="2025-09-01T22:17:33.6261633-03:00" testType="13cdc9d9-ddb5-4fa4-a97d-d965ccfc6d4b" outcome="Passed" testListId="8c84fa94-04c1-424b-9868-57a2d4851a1d" relativeResultsDirectory="b27284f4-74cb-4986-9111-ba2e43617009" />
    <UnitTestResult executionId="f8173cdd-a7a7-4e0c-9c59-ca4d135a2135" testId="c85856ae-7fd3-a51a-efe1-6ea4fd421acf" testName="OmniSuite.Tests.API.Controllers.UserControllerTests.GetUserByEmail_WhenCalled_ShouldReturnOkResult" computerName="NTMAC-TEC62" duration="00:00:00.0006657" startTime="2025-09-01T22:17:33.6451542-03:00" endTime="2025-09-01T22:17:33.6451543-03:00" testType="13cdc9d9-ddb5-4fa4-a97d-d965ccfc6d4b" outcome="Passed" testListId="8c84fa94-04c1-424b-9868-57a2d4851a1d" relativeResultsDirectory="f8173cdd-a7a7-4e0c-9c59-ca4d135a2135" />
    <UnitTestResult executionId="c7db8345-def8-4019-b0ef-5ccc722f779c" testId="4ff31a25-1756-51d7-a7de-7e06343ee579" testName="OmniSuite.Tests.API.Controllers.UserControllerTests.Controller_ShouldInheritFromBaseController" computerName="NTMAC-TEC62" duration="00:00:00.0002922" startTime="2025-09-01T22:17:33.6331773-03:00" endTime="2025-09-01T22:17:33.6331774-03:00" testType="13cdc9d9-ddb5-4fa4-a97d-d965ccfc6d4b" outcome="Passed" testListId="8c84fa94-04c1-424b-9868-57a2d4851a1d" relativeResultsDirectory="c7db8345-def8-4019-b0ef-5ccc722f779c" />
    <UnitTestResult executionId="961db169-f32d-469d-bf8d-73a497b759a0" testId="0c6d9c06-b382-ecba-0b01-11fa3bd84b94" testName="OmniSuite.Tests.API.Controllers.UserControllerTests.Controller_ShouldHaveCorrectRouteAttribute" computerName="NTMAC-TEC62" duration="00:00:00.2936584" startTime="2025-09-01T22:17:33.6210538-03:00" endTime="2025-09-01T22:17:33.6210541-03:00" testType="13cdc9d9-ddb5-4fa4-a97d-d965ccfc6d4b" outcome="Passed" testListId="8c84fa94-04c1-424b-9868-57a2d4851a1d" relativeResultsDirectory="961db169-f32d-469d-bf8d-73a497b759a0" />
    <UnitTestResult executionId="253f0baa-5f2e-4de5-9753-e5baac5726c4" testId="82b3ad77-cd95-1e60-7225-a5fb704d172e" testName="OmniSuite.Tests.Domain.Utils.UserClaimsHelperTests.GetUserId_WithVariousValidGuidFormats_ShouldReturnCorrectGuid(guidString: &quot;00000000-0000-0000-0000-000000000000&quot;)" computerName="NTMAC-TEC62" duration="00:00:00.0000714" startTime="2025-09-01T22:17:33.6252200-03:00" endTime="2025-09-01T22:17:33.6252200-03:00" testType="13cdc9d9-ddb5-4fa4-a97d-d965ccfc6d4b" outcome="Passed" testListId="8c84fa94-04c1-424b-9868-57a2d4851a1d" relativeResultsDirectory="253f0baa-5f2e-4de5-9753-e5baac5726c4" />
    <UnitTestResult executionId="d0583df7-8732-41b4-ab53-849fee16d788" testId="09dd6471-3b71-3650-7b5f-b1fe43299abf" testName="OmniSuite.Tests.Domain.Entities.UserTests.User_WhenProfilePhotoSet_ShouldStorePhotoData" computerName="NTMAC-TEC62" duration="00:00:00.0001758" startTime="2025-09-01T22:17:33.5788376-03:00" endTime="2025-09-01T22:17:33.5788377-03:00" testType="13cdc9d9-ddb5-4fa4-a97d-d965ccfc6d4b" outcome="Passed" testListId="8c84fa94-04c1-424b-9868-57a2d4851a1d" relativeResultsDirectory="d0583df7-8732-41b4-ab53-849fee16d788" />
    <UnitTestResult executionId="20a7299b-02f3-423d-b4bd-6bc5c21b65c0" testId="600137cc-42ee-3fe7-3e79-8b40d330a155" testName="OmniSuite.Tests.API.Controllers.UserControllerTests.GetUser_WhenCalled_ShouldReturnOkResult" computerName="NTMAC-TEC62" duration="00:00:00.0013467" startTime="2025-09-01T22:17:33.6318977-03:00" endTime="2025-09-01T22:17:33.6318977-03:00" testType="13cdc9d9-ddb5-4fa4-a97d-d965ccfc6d4b" outcome="Passed" testListId="8c84fa94-04c1-424b-9868-57a2d4851a1d" relativeResultsDirectory="20a7299b-02f3-423d-b4bd-6bc5c21b65c0" />
    <UnitTestResult executionId="b3160b33-ac71-4f29-98f8-f2f30245bff7" testId="1dd0e556-8749-e09a-2dd4-97f212e01120" testName="OmniSuite.Tests.Application.Authentication.Validations.LoginValidationTests.ValidateAsync_WithInvalidPasswords_ShouldFailValidation(password: &quot;short&quot;)" computerName="NTMAC-TEC62" duration="00:00:00.0006422" startTime="2025-09-01T22:17:34.0279626-03:00" endTime="2025-09-01T22:17:34.0279627-03:00" testType="13cdc9d9-ddb5-4fa4-a97d-d965ccfc6d4b" outcome="Passed" testListId="8c84fa94-04c1-424b-9868-57a2d4851a1d" relativeResultsDirectory="b3160b33-ac71-4f29-98f8-f2f30245bff7" />
    <UnitTestResult executionId="08c3d6e3-4200-4cbf-91a6-0e774a55229d" testId="0a047fa4-4fa1-220c-6696-92d0f145c605" testName="OmniSuite.Tests.Domain.Enums.UserStatusEnumTests.UserStatusEnum_ShouldBeSerializable" computerName="NTMAC-TEC62" duration="00:00:00.0000572" startTime="2025-09-01T22:17:33.5768166-03:00" endTime="2025-09-01T22:17:33.5768166-03:00" testType="13cdc9d9-ddb5-4fa4-a97d-d965ccfc6d4b" outcome="Passed" testListId="8c84fa94-04c1-424b-9868-57a2d4851a1d" relativeResultsDirectory="08c3d6e3-4200-4cbf-91a6-0e774a55229d" />
    <UnitTestResult executionId="a14562a2-1cbf-4c38-9667-637280e5d509" testId="b20eb02d-22b8-cd0d-6211-2e4e4e1061e0" testName="OmniSuite.Tests.API.Controllers.UserControllerTests.GetUserLogged_WhenCalled_ShouldReturnOkResult" computerName="NTMAC-TEC62" duration="00:00:00.0015380" startTime="2025-09-01T22:17:33.6328533-03:00" endTime="2025-09-01T22:17:33.6328534-03:00" testType="13cdc9d9-ddb5-4fa4-a97d-d965ccfc6d4b" outcome="Passed" testListId="8c84fa94-04c1-424b-9868-57a2d4851a1d" relativeResultsDirectory="a14562a2-1cbf-4c38-9667-637280e5d509" />
    <UnitTestResult executionId="dd4261e8-8b8d-4c74-968d-e8887375b192" testId="4009c771-7943-7e1d-39f1-7fbc5950b1fc" testName="OmniSuite.Tests.Application.User.UserQueryHandlerTests.Handle_UserLoggedQuery_WithValidUser_ShouldReturnUserLoggedResponse" computerName="NTMAC-TEC62" duration="00:00:00.0028350" startTime="2025-09-01T22:17:34.0865168-03:00" endTime="2025-09-01T22:17:34.0865170-03:00" testType="13cdc9d9-ddb5-4fa4-a97d-d965ccfc6d4b" outcome="Passed" testListId="8c84fa94-04c1-424b-9868-57a2d4851a1d" relativeResultsDirectory="dd4261e8-8b8d-4c74-968d-e8887375b192" />
    <UnitTestResult executionId="0b829a57-f9c5-44cc-89b3-eaa0eff3e4b7" testId="1338ea32-b803-f834-c75a-6f13f95a9817" testName="OmniSuite.Tests.Domain.Enums.UserStatusEnumTests.UserStatusEnum_ShouldSupportTryParse" computerName="NTMAC-TEC62" duration="00:00:00.0002175" startTime="2025-09-01T22:17:33.5773741-03:00" endTime="2025-09-01T22:17:33.5773741-03:00" testType="13cdc9d9-ddb5-4fa4-a97d-d965ccfc6d4b" outcome="Passed" testListId="8c84fa94-04c1-424b-9868-57a2d4851a1d" relativeResultsDirectory="0b829a57-f9c5-44cc-89b3-eaa0eff3e4b7" />
    <UnitTestResult executionId="87fd0073-971d-4a6c-bc66-824b8ee2b87d" testId="f50639ce-4dbc-1d3c-18dd-86c053493e75" testName="OmniSuite.Tests.Application.Authentication.Validations.LoginValidationTests.ValidateAsync_WithEmptyEmail_ShouldFailValidation" computerName="NTMAC-TEC62" duration="00:00:00.0007867" startTime="2025-09-01T22:17:34.1146607-03:00" endTime="2025-09-01T22:17:34.1146607-03:00" testType="13cdc9d9-ddb5-4fa4-a97d-d965ccfc6d4b" outcome="Passed" testListId="8c84fa94-04c1-424b-9868-57a2d4851a1d" relativeResultsDirectory="87fd0073-971d-4a6c-bc66-824b8ee2b87d" />
    <UnitTestResult executionId="ff7765ea-a6c6-4c73-98aa-ee63266c079c" testId="fac62990-0c42-4a68-24ce-0c892005bf06" testName="OmniSuite.Tests.Domain.Entities.UserTests.User_WhenStatusSet_ShouldAcceptAllValidStatuses(status: approved)" computerName="NTMAC-TEC62" duration="00:00:00.0000699" startTime="2025-09-01T22:17:33.5792196-03:00" endTime="2025-09-01T22:17:33.5792197-03:00" testType="13cdc9d9-ddb5-4fa4-a97d-d965ccfc6d4b" outcome="Passed" testListId="8c84fa94-04c1-424b-9868-57a2d4851a1d" relativeResultsDirectory="ff7765ea-a6c6-4c73-98aa-ee63266c079c" />
    <UnitTestResult executionId="609cbf05-c2e5-41e2-ae5c-bd7691ae0d3b" testId="b22f822c-b6e5-d18f-db16-e2f98bc9c0bc" testName="OmniSuite.Tests.Domain.Enums.UserStatusEnumTests.UserStatusEnum_ShouldHaveCorrectDefaultValue" computerName="NTMAC-TEC62" duration="00:00:00.0000385" startTime="2025-09-01T22:17:33.5781319-03:00" endTime="2025-09-01T22:17:33.5781320-03:00" testType="13cdc9d9-ddb5-4fa4-a97d-d965ccfc6d4b" outcome="Passed" testListId="8c84fa94-04c1-424b-9868-57a2d4851a1d" relativeResultsDirectory="609cbf05-c2e5-41e2-ae5c-bd7691ae0d3b" />
    <UnitTestResult executionId="7b403ea7-7975-4cd6-a5ac-38f57ed32362" testId="9d3de903-eeea-1310-a38b-2e83d62428dd" testName="OmniSuite.Tests.Application.User.UserQueryHandlerTests.Handle_UpdateUserCommand_ShouldUpdateUserSuccessfully" computerName="NTMAC-TEC62" duration="00:00:00.0017311" startTime="2025-09-01T22:17:34.0882963-03:00" endTime="2025-09-01T22:17:34.0882965-03:00" testType="13cdc9d9-ddb5-4fa4-a97d-d965ccfc6d4b" outcome="Passed" testListId="8c84fa94-04c1-424b-9868-57a2d4851a1d" relativeResultsDirectory="7b403ea7-7975-4cd6-a5ac-38f57ed32362" />
    <UnitTestResult executionId="f977d8d4-9685-46d5-849f-8b93d2b991da" testId="b6bfeb0b-bbdd-1ee9-deaf-8eed5de21675" testName="OmniSuite.Tests.Application.Authentication.Validations.LoginValidationTests.ValidateAsync_WithInvalidPasswords_ShouldFailValidation(password: null)" computerName="NTMAC-TEC62" duration="00:00:00.0005496" startTime="2025-09-01T22:17:34.0285480-03:00" endTime="2025-09-01T22:17:34.0285480-03:00" testType="13cdc9d9-ddb5-4fa4-a97d-d965ccfc6d4b" outcome="Passed" testListId="8c84fa94-04c1-424b-9868-57a2d4851a1d" relativeResultsDirectory="f977d8d4-9685-46d5-849f-8b93d2b991da" />
    <UnitTestResult executionId="19b9f4ca-9e5f-4efe-bef2-0a8f8701eb63" testId="de1e3b60-4fb9-178c-c92e-991a6e10c664" testName="OmniSuite.Tests.Application.Authentication.Validations.LoginValidationTests.ValidateAsync_WithInvalidPasswords_ShouldFailValidation(password: &quot;123&quot;)" computerName="NTMAC-TEC62" duration="00:00:00.0005223" startTime="2025-09-01T22:17:34.0291102-03:00" endTime="2025-09-01T22:17:34.0291102-03:00" testType="13cdc9d9-ddb5-4fa4-a97d-d965ccfc6d4b" outcome="Passed" testListId="8c84fa94-04c1-424b-9868-57a2d4851a1d" relativeResultsDirectory="19b9f4ca-9e5f-4efe-bef2-0a8f8701eb63" />
    <UnitTestResult executionId="d531f36b-03d4-40ed-8d1b-77a2cdf1c249" testId="a2d434ac-5ad8-46d4-1d0c-b23d84ac9908" testName="OmniSuite.Tests.Domain.Entities.UserTests.User_WhenPropertiesSet_ShouldStoreValuesCorrectly" computerName="NTMAC-TEC62" duration="00:00:00.0004024" startTime="2025-09-01T22:17:33.5795264-03:00" endTime="2025-09-01T22:17:33.5795264-03:00" testType="13cdc9d9-ddb5-4fa4-a97d-d965ccfc6d4b" outcome="Passed" testListId="8c84fa94-04c1-424b-9868-57a2d4851a1d" relativeResultsDirectory="d531f36b-03d4-40ed-8d1b-77a2cdf1c249" />
    <UnitTestResult executionId="9c906b68-bf39-4677-9770-ef3bcde9f663" testId="23ce2706-3120-fc37-f35e-eef74a71d0b0" testName="OmniSuite.Tests.Domain.Utils.UserClaimsHelperTests.GetUserId_WithVariousValidGuidFormats_ShouldReturnCorrectGuid(guidString: &quot;11111111-1111-1111-1111-111111111111&quot;)" computerName="NTMAC-TEC62" duration="00:00:00.0001672" startTime="2025-09-01T22:17:33.6246920-03:00" endTime="2025-09-01T22:17:33.6246920-03:00" testType="13cdc9d9-ddb5-4fa4-a97d-d965ccfc6d4b" outcome="Passed" testListId="8c84fa94-04c1-424b-9868-57a2d4851a1d" relativeResultsDirectory="9c906b68-bf39-4677-9770-ef3bcde9f663" />
    <UnitTestResult executionId="fe4a3e89-e52e-4b05-ad1d-dbf1152c180a" testId="1f888ede-d792-c2be-8cf5-84884c325e5d" testName="OmniSuite.Tests.Application.Authentication.Validations.LoginValidationTests.ValidateAsync_WithNullCommand_ShouldThrowArgumentNullException" computerName="NTMAC-TEC62" duration="00:00:00.0008304" startTime="2025-09-01T22:17:34.1138280-03:00" endTime="2025-09-01T22:17:34.1138280-03:00" testType="13cdc9d9-ddb5-4fa4-a97d-d965ccfc6d4b" outcome="Passed" testListId="8c84fa94-04c1-424b-9868-57a2d4851a1d" relativeResultsDirectory="fe4a3e89-e52e-4b05-ad1d-dbf1152c180a" />
    <UnitTestResult executionId="02269989-0787-46d4-a58d-5c141bb5c68e" testId="99ecf959-8258-232e-3e61-9c462a326b0b" testName="OmniSuite.Tests.API.Controllers.UserControllerTests.CreateMFA_WhenCalled_ShouldReturnOkResult" computerName="NTMAC-TEC62" duration="00:00:00.0007219" startTime="2025-09-01T22:17:33.6444475-03:00" endTime="2025-09-01T22:17:33.6444476-03:00" testType="13cdc9d9-ddb5-4fa4-a97d-d965ccfc6d4b" outcome="Passed" testListId="8c84fa94-04c1-424b-9868-57a2d4851a1d" relativeResultsDirectory="02269989-0787-46d4-a58d-5c141bb5c68e" />
    <UnitTestResult executionId="dfb4a229-d86b-4521-b625-7904ec518fb3" testId="8b41c114-49c4-c34d-f190-d8e699e7f3b2" testName="OmniSuite.Tests.Application.Authentication.Validations.LoginValidationTests.ValidateAsync_WithValidCredentials_ShouldPassValidation" computerName="NTMAC-TEC62" duration="00:00:00.0726553" startTime="2025-09-01T22:17:34.1874237-03:00" endTime="2025-09-01T22:17:34.1874242-03:00" testType="13cdc9d9-ddb5-4fa4-a97d-d965ccfc6d4b" outcome="Passed" testListId="8c84fa94-04c1-424b-9868-57a2d4851a1d" relativeResultsDirectory="dfb4a229-d86b-4521-b625-7904ec518fb3" />
    <UnitTestResult executionId="2d583c14-33d2-4829-adc2-8b9181fac5a0" testId="d6e1a0d8-af51-5285-e2d8-f5e3d5660459" testName="OmniSuite.Tests.Application.Authentication.Validations.LoginValidationTests.ValidateAsync_WithInvalidEmailFormats_ShouldFailValidation(email: null)" computerName="NTMAC-TEC62" duration="00:00:00.0003587" startTime="2025-09-01T22:17:34.0311506-03:00" endTime="2025-09-01T22:17:34.0311507-03:00" testType="13cdc9d9-ddb5-4fa4-a97d-d965ccfc6d4b" outcome="Passed" testListId="8c84fa94-04c1-424b-9868-57a2d4851a1d" relativeResultsDirectory="2d583c14-33d2-4829-adc2-8b9181fac5a0" />
    <UnitTestResult executionId="80fc1a05-4232-49a4-ad7a-014aedb2db11" testId="72b7d902-0196-14ea-308d-27ff47bfd413" testName="OmniSuite.Tests.Domain.Utils.UserClaimsHelperTests.GetUserId_WhenUserIsAuthenticated_ShouldReturnUserId" computerName="NTMAC-TEC62" duration="00:00:00.0002629" startTime="2025-09-01T22:17:33.6272243-03:00" endTime="2025-09-01T22:17:33.6272244-03:00" testType="13cdc9d9-ddb5-4fa4-a97d-d965ccfc6d4b" outcome="Passed" testListId="8c84fa94-04c1-424b-9868-57a2d4851a1d" relativeResultsDirectory="80fc1a05-4232-49a4-ad7a-014aedb2db11" />
    <UnitTestResult executionId="da1106b4-3081-4f28-815e-7f20fda147c2" testId="94f0aa57-1364-9add-63ae-0a9345d84214" testName="OmniSuite.Tests.Domain.Utils.UserClaimsHelperTests.GetUserId_WhenHttpContextIsNull_ShouldReturnEmptyGuid" computerName="NTMAC-TEC62" duration="00:00:00.2511415" startTime="2025-09-01T22:17:33.5796132-03:00" endTime="2025-09-01T22:17:33.5796132-03:00" testType="13cdc9d9-ddb5-4fa4-a97d-d965ccfc6d4b" outcome="Passed" testListId="8c84fa94-04c1-424b-9868-57a2d4851a1d" relativeResultsDirectory="da1106b4-3081-4f28-815e-7f20fda147c2" />
    <UnitTestResult executionId="3ba1bbce-70c9-46cb-8601-96c29eeb8ff1" testId="0d1efe88-0ca1-6a78-e2d2-c906d6190b55" testName="OmniSuite.Tests.Application.Pipeline.ValidationBehaviorTests.Handle_WhenValidatorsFail_ShouldThrowValidationException" computerName="NTMAC-TEC62" duration="00:00:00.2572989" startTime="2025-09-01T22:17:33.5846234-03:00" endTime="2025-09-01T22:17:33.5846235-03:00" testType="13cdc9d9-ddb5-4fa4-a97d-d965ccfc6d4b" outcome="Passed" testListId="8c84fa94-04c1-424b-9868-57a2d4851a1d" relativeResultsDirectory="3ba1bbce-70c9-46cb-8601-96c29eeb8ff1" />
    <UnitTestResult executionId="d657cf09-8835-4a23-822e-8e389a534436" testId="4a7f3f91-72e5-e999-d62d-106ce14a0cf8" testName="OmniSuite.Tests.API.Controllers.UserControllerTests.UpdatePhoto_WhenCalled_ShouldReturnOkResult" computerName="NTMAC-TEC62" duration="00:00:00.0005911" startTime="2025-09-01T22:17:33.6420930-03:00" endTime="2025-09-01T22:17:33.6420930-03:00" testType="13cdc9d9-ddb5-4fa4-a97d-d965ccfc6d4b" outcome="Passed" testListId="8c84fa94-04c1-424b-9868-57a2d4851a1d" relativeResultsDirectory="d657cf09-8835-4a23-822e-8e389a534436" />
    <UnitTestResult executionId="61bd9552-d242-46d1-a854-d14e58b6bb9f" testId="9a6e0a18-fd6d-e35a-a22d-18b0730f876c" testName="OmniSuite.Tests.API.Controllers.UserControllerTests.Controller_ShouldHaveCorrectNamespace" computerName="NTMAC-TEC62" duration="00:00:00.0001804" startTime="2025-09-01T22:17:33.6239407-03:00" endTime="2025-09-01T22:17:33.6239408-03:00" testType="13cdc9d9-ddb5-4fa4-a97d-d965ccfc6d4b" outcome="Passed" testListId="8c84fa94-04c1-424b-9868-57a2d4851a1d" relativeResultsDirectory="61bd9552-d242-46d1-a854-d14e58b6bb9f" />
    <UnitTestResult executionId="75e36c89-9cbb-474a-abc1-82f87b89357b" testId="7a5e84e6-e9b4-5f29-7f63-fa9cb3fcda01" testName="OmniSuite.Tests.Domain.Entities.UserTests.User_WhenStatusSet_ShouldAcceptAllValidStatuses(status: registered)" computerName="NTMAC-TEC62" duration="00:00:00.0000522" startTime="2025-09-01T22:17:33.5790064-03:00" endTime="2025-09-01T22:17:33.5790064-03:00" testType="13cdc9d9-ddb5-4fa4-a97d-d965ccfc6d4b" outcome="Passed" testListId="8c84fa94-04c1-424b-9868-57a2d4851a1d" relativeResultsDirectory="75e36c89-9cbb-474a-abc1-82f87b89357b" />
    <UnitTestResult executionId="a9b5ebcf-ddb1-4210-a471-7f5d3dc5cc69" testId="2f692914-c53c-285b-adb6-44db3c6f898d" testName="OmniSuite.Tests.API.Controllers.UserControllerTests.UpdatePhoto_WhenCalled_ShouldReturnCorrectResponseType" computerName="NTMAC-TEC62" duration="00:00:00.0030395" startTime="2025-09-01T22:17:33.6282830-03:00" endTime="2025-09-01T22:17:33.6282831-03:00" testType="13cdc9d9-ddb5-4fa4-a97d-d965ccfc6d4b" outcome="Passed" testListId="8c84fa94-04c1-424b-9868-57a2d4851a1d" relativeResultsDirectory="a9b5ebcf-ddb1-4210-a471-7f5d3dc5cc69" />
    <UnitTestResult executionId="b4f87c0b-1497-45eb-86a1-abeafbf9398b" testId="32d157c8-92e8-62fc-e5e4-b5c5247f9133" testName="OmniSuite.Tests.Domain.Enums.UserStatusEnumTests.UserStatusEnum_ShouldSupportBitwiseOperations" computerName="NTMAC-TEC62" duration="00:00:00.0000401" startTime="2025-09-01T22:17:33.5772202-03:00" endTime="2025-09-01T22:17:33.5772203-03:00" testType="13cdc9d9-ddb5-4fa4-a97d-d965ccfc6d4b" outcome="Passed" testListId="8c84fa94-04c1-424b-9868-57a2d4851a1d" relativeResultsDirectory="b4f87c0b-1497-45eb-86a1-abeafbf9398b" />
    <UnitTestResult executionId="dfcdad21-8d45-4bd7-b933-53648c5bbfa8" testId="1546c3bb-112b-957d-50ad-a707b21be89b" testName="OmniSuite.Tests.Domain.Enums.UserStatusEnumTests.UserStatusEnum_ShouldHaveExpectedValues" computerName="NTMAC-TEC62" duration="00:00:00.0011166" startTime="2025-09-01T22:17:33.5779746-03:00" endTime="2025-09-01T22:17:33.5779747-03:00" testType="13cdc9d9-ddb5-4fa4-a97d-d965ccfc6d4b" outcome="Passed" testListId="8c84fa94-04c1-424b-9868-57a2d4851a1d" relativeResultsDirectory="dfcdad21-8d45-4bd7-b933-53648c5bbfa8" />
    <UnitTestResult executionId="a0225ac6-713e-49e6-877e-b6e709982a8f" testId="c4d1cea2-9aa6-0342-a287-fcde5ca09d4e" testName="OmniSuite.Tests.API.Controllers.UserControllerTests.Controller_ShouldHaveRequiredMethods(methodName: &quot;GetUserById&quot;)" computerName="NTMAC-TEC62" duration="00:00:00.0000734" startTime="2025-09-01T22:17:33.6291200-03:00" endTime="2025-09-01T22:17:33.6291200-03:00" testType="13cdc9d9-ddb5-4fa4-a97d-d965ccfc6d4b" outcome="Passed" testListId="8c84fa94-04c1-424b-9868-57a2d4851a1d" relativeResultsDirectory="a0225ac6-713e-49e6-877e-b6e709982a8f" />
    <UnitTestResult executionId="26085ee4-8360-4c42-a50d-fe333a22945c" testId="5d2e187c-795a-1755-e37c-ead7203cfdd4" testName="OmniSuite.Tests.Domain.Utils.UserClaimsHelperTests.GetUserId_WhenNameIdentifierClaimIsInvalid_ShouldReturnEmptyGuid" computerName="NTMAC-TEC62" duration="00:00:00.0002950" startTime="2025-09-01T22:17:33.6263789-03:00" endTime="2025-09-01T22:17:33.6263790-03:00" testType="13cdc9d9-ddb5-4fa4-a97d-d965ccfc6d4b" outcome="Passed" testListId="8c84fa94-04c1-424b-9868-57a2d4851a1d" relativeResultsDirectory="26085ee4-8360-4c42-a50d-fe333a22945c" />
    <UnitTestResult executionId="e930fa76-b205-46f6-bea0-330d147d4647" testId="9f5d785b-f18f-c4f0-85f6-31ed806606b5" testName="OmniSuite.Tests.Domain.Entities.UserTests.User_WhenCollectionsInitialized_ShouldBeEmpty" computerName="NTMAC-TEC62" duration="00:00:00.0018736" startTime="2025-09-01T22:17:33.5757267-03:00" endTime="2025-09-01T22:17:33.5757267-03:00" testType="13cdc9d9-ddb5-4fa4-a97d-d965ccfc6d4b" outcome="Passed" testListId="8c84fa94-04c1-424b-9868-57a2d4851a1d" relativeResultsDirectory="e930fa76-b205-46f6-bea0-330d147d4647" />
    <UnitTestResult executionId="b2b1e9b5-f1be-46a7-a222-ba9ed6a79043" testId="50ed26f4-8c34-97da-4b6b-e114b8803b0e" testName="OmniSuite.Tests.Domain.Enums.UserStatusEnumTests.UserStatusEnum_ShouldBeComparable" computerName="NTMAC-TEC62" duration="00:00:00.0001724" startTime="2025-09-01T22:17:33.5769900-03:00" endTime="2025-09-01T22:17:33.5769900-03:00" testType="13cdc9d9-ddb5-4fa4-a97d-d965ccfc6d4b" outcome="Passed" testListId="8c84fa94-04c1-424b-9868-57a2d4851a1d" relativeResultsDirectory="b2b1e9b5-f1be-46a7-a222-ba9ed6a79043" />
    <UnitTestResult executionId="170a97b7-25c3-4cd1-9b7e-13b43f23361f" testId="e4e3702f-6204-b683-d756-6030879425c0" testName="OmniSuite.Tests.Domain.Entities.UserTests.User_WhenPhoneSet_ShouldStorePhoneNumber" computerName="NTMAC-TEC62" duration="00:00:00.0003101" startTime="2025-09-01T22:17:33.5784712-03:00" endTime="2025-09-01T22:17:33.5784713-03:00" testType="13cdc9d9-ddb5-4fa4-a97d-d965ccfc6d4b" outcome="Passed" testListId="8c84fa94-04c1-424b-9868-57a2d4851a1d" relativeResultsDirectory="170a97b7-25c3-4cd1-9b7e-13b43f23361f" />
    <UnitTestResult executionId="28614395-226d-4134-983b-ecce45b6396e" testId="778544f0-a211-ec95-a56a-4244c70bda63" testName="OmniSuite.Tests.API.Controllers.UserControllerTests.CreateMFA_WhenCalled_ShouldReturnCorrectResponseType" computerName="NTMAC-TEC62" duration="00:00:00.0009570" startTime="2025-09-01T22:17:33.6430818-03:00" endTime="2025-09-01T22:17:33.6430819-03:00" testType="13cdc9d9-ddb5-4fa4-a97d-d965ccfc6d4b" outcome="Passed" testListId="8c84fa94-04c1-424b-9868-57a2d4851a1d" relativeResultsDirectory="28614395-226d-4134-983b-ecce45b6396e" />
    <UnitTestResult executionId="fdc319fc-50b1-4baf-8607-c4d2e801f5e8" testId="483ce687-2d7e-03b2-bf20-df3ea267862e" testName="OmniSuite.Tests.Application.Authentication.Validations.LoginValidationTests.ValidateAsync_WithInvalidPasswords_ShouldFailValidation(password: &quot;&quot;)" computerName="NTMAC-TEC62" duration="00:00:00.0012366" startTime="2025-09-01T22:17:34.0272915-03:00" endTime="2025-09-01T22:17:34.0272915-03:00" testType="13cdc9d9-ddb5-4fa4-a97d-d965ccfc6d4b" outcome="Passed" testListId="8c84fa94-04c1-424b-9868-57a2d4851a1d" relativeResultsDirectory="fdc319fc-50b1-4baf-8607-c4d2e801f5e8" />
    <UnitTestResult executionId="081431bc-768d-438b-b8ea-481e52c84565" testId="232db259-e048-ec80-c3b7-073ad68d33a7" testName="OmniSuite.Tests.Domain.Enums.UserStatusEnumTests.UserStatusEnum_ShouldBeUsedInSwitchStatements" computerName="NTMAC-TEC62" duration="00:00:00.2274758" startTime="2025-09-01T22:17:33.5624859-03:00" endTime="2025-09-01T22:17:33.5624859-03:00" testType="13cdc9d9-ddb5-4fa4-a97d-d965ccfc6d4b" outcome="Passed" testListId="8c84fa94-04c1-424b-9868-57a2d4851a1d" relativeResultsDirectory="081431bc-768d-438b-b8ea-481e52c84565" />
    <UnitTestResult executionId="d3dd8ead-c2c7-46b7-910c-3613d162fc18" testId="f9bc9958-e230-7e49-b21b-fb8379fb6960" testName="OmniSuite.Tests.API.Controllers.UserControllerTests.GetUserByEmail_WhenCalled_ShouldReturnCorrectResponseType" computerName="NTMAC-TEC62" duration="00:00:00.0010023" startTime="2025-09-01T22:17:33.6408543-03:00" endTime="2025-09-01T22:17:33.6408544-03:00" testType="13cdc9d9-ddb5-4fa4-a97d-d965ccfc6d4b" outcome="Passed" testListId="8c84fa94-04c1-424b-9868-57a2d4851a1d" relativeResultsDirectory="d3dd8ead-c2c7-46b7-910c-3613d162fc18" />
    <UnitTestResult executionId="80f84421-0968-4993-88ab-b214a2440147" testId="2226056d-9005-6304-6229-4f0fded9cd3a" testName="OmniSuite.Tests.API.Controllers.UserControllerTests.Controller_ShouldHaveRequiredMethods(methodName: &quot;SetupMFA&quot;)" computerName="NTMAC-TEC62" duration="00:00:00.0001660" startTime="2025-09-01T22:17:33.6287972-03:00" endTime="2025-09-01T22:17:33.6287972-03:00" testType="13cdc9d9-ddb5-4fa4-a97d-d965ccfc6d4b" outcome="Passed" testListId="8c84fa94-04c1-424b-9868-57a2d4851a1d" relativeResultsDirectory="80f84421-0968-4993-88ab-b214a2440147" />
    <UnitTestResult executionId="9322b5d5-1306-40dd-a194-c4f0dd2fe394" testId="69671295-1f0b-bea1-561d-1bf4eed75bc6" testName="OmniSuite.Tests.Application.Authentication.AuthenticationHandlerTests.Handle_LoginCommand_WithValidCredentials_ShouldReturnAuthenticationResponse" computerName="NTMAC-TEC62" duration="00:00:00.0150689" startTime="2025-09-01T22:17:34.0263140-03:00" endTime="2025-09-01T22:17:34.0263141-03:00" testType="13cdc9d9-ddb5-4fa4-a97d-d965ccfc6d4b" outcome="Passed" testListId="8c84fa94-04c1-424b-9868-57a2d4851a1d" relativeResultsDirectory="9322b5d5-1306-40dd-a194-c4f0dd2fe394" />
    <UnitTestResult executionId="06015cc5-a461-4780-b1ee-cb512cc6de6c" testId="e692165c-4798-0f61-47e5-5c885ed2785d" testName="OmniSuite.Tests.Domain.Enums.UserStatusEnumTests.UserStatusEnum_ShouldHaveCorrectNumericValues(status: approved, expectedValue: 2)" computerName="NTMAC-TEC62" duration="00:00:00.0001472" startTime="2025-09-01T22:17:33.5750959-03:00" endTime="2025-09-01T22:17:33.5750960-03:00" testType="13cdc9d9-ddb5-4fa4-a97d-d965ccfc6d4b" outcome="Passed" testListId="8c84fa94-04c1-424b-9868-57a2d4851a1d" relativeResultsDirectory="06015cc5-a461-4780-b1ee-cb512cc6de6c" />
    <UnitTestResult executionId="2909468b-d492-47bf-9604-adf8127b200f" testId="f79f6b47-f832-5aae-269d-7eaeecd2564b" testName="OmniSuite.Tests.Domain.Entities.UserTests.User_WhenMfaEnabled_ShouldHaveSecretKey" computerName="NTMAC-TEC62" duration="00:00:00.0003363" startTime="2025-09-01T22:17:33.5752548-03:00" endTime="2025-09-01T22:17:33.5752549-03:00" testType="13cdc9d9-ddb5-4fa4-a97d-d965ccfc6d4b" outcome="Passed" testListId="8c84fa94-04c1-424b-9868-57a2d4851a1d" relativeResultsDirectory="2909468b-d492-47bf-9604-adf8127b200f" />
    <UnitTestResult executionId="375f2c7a-5bef-4c47-92e0-103be5e3825f" testId="644ba779-a3f4-4712-0ea4-3ec2999a8cd2" testName="OmniSuite.Tests.Domain.Entities.UserTests.User_WhenRefreshTokenSet_ShouldHaveExpirationDate" computerName="NTMAC-TEC62" duration="00:00:00.2274938" startTime="2025-09-01T22:17:33.5584410-03:00" endTime="2025-09-01T22:17:33.5584496-03:00" testType="13cdc9d9-ddb5-4fa4-a97d-d965ccfc6d4b" outcome="Passed" testListId="8c84fa94-04c1-424b-9868-57a2d4851a1d" relativeResultsDirectory="375f2c7a-5bef-4c47-92e0-103be5e3825f" />
    <UnitTestResult executionId="a49c7ec9-86c9-422e-8c97-da21cf85431e" testId="5c238155-9fd4-28b2-abd8-b444e5b4d9b7" testName="OmniSuite.Tests.Application.User.UserQueryHandlerTests.Handle_GetUserQuery_WithValidUser_ShouldReturnGetUserResponse" computerName="NTMAC-TEC62" duration="00:00:00.0012151" startTime="2025-09-01T22:17:34.0902621-03:00" endTime="2025-09-01T22:17:34.0902622-03:00" testType="13cdc9d9-ddb5-4fa4-a97d-d965ccfc6d4b" outcome="Passed" testListId="8c84fa94-04c1-424b-9868-57a2d4851a1d" relativeResultsDirectory="a49c7ec9-86c9-422e-8c97-da21cf85431e" />
    <UnitTestResult executionId="c0850155-9ed5-4699-bc8a-c8d78c7972a0" testId="78dd6ce9-2010-a31c-98b4-b511af3c6dc0" testName="OmniSuite.Tests.Application.Authentication.AuthenticationHandlerTests.Handle_LoginCommand_WithInvalidEmail_ShouldReturnFailure" computerName="NTMAC-TEC62" duration="00:00:00.0006222" startTime="2025-09-01T22:17:34.0313018-03:00" endTime="2025-09-01T22:17:34.0313018-03:00" testType="13cdc9d9-ddb5-4fa4-a97d-d965ccfc6d4b" outcome="Passed" testListId="8c84fa94-04c1-424b-9868-57a2d4851a1d" relativeResultsDirectory="c0850155-9ed5-4699-bc8a-c8d78c7972a0" />
    <UnitTestResult executionId="684bed56-21e1-4917-ae66-d891839b49ff" testId="f4356c2e-3be2-7069-a1f6-dc9378aad227" testName="OmniSuite.Tests.Domain.Entities.UserTests.User_WhenStatusSet_ShouldAcceptAllValidStatuses(status: inactive)" computerName="NTMAC-TEC62" duration="00:00:00.0000031" startTime="2025-09-01T22:17:33.5793655-03:00" endTime="2025-09-01T22:17:33.5793656-03:00" testType="13cdc9d9-ddb5-4fa4-a97d-d965ccfc6d4b" outcome="Passed" testListId="8c84fa94-04c1-424b-9868-57a2d4851a1d" relativeResultsDirectory="684bed56-21e1-4917-ae66-d891839b49ff" />
    <UnitTestResult executionId="4455d33d-9dc7-4c8a-b19f-42a6a15f0fb5" testId="5c89ebc6-90bb-10cb-cedc-3f5accd999f1" testName="OmniSuite.Tests.Application.User.UserQueryHandlerTests.Handle_UserByEmailQuery_WithInvalidEmail_ShouldReturnNull" computerName="NTMAC-TEC62" duration="00:00:00.0006695" startTime="2025-09-01T22:17:34.0890021-03:00" endTime="2025-09-01T22:17:34.0890024-03:00" testType="13cdc9d9-ddb5-4fa4-a97d-d965ccfc6d4b" outcome="Passed" testListId="8c84fa94-04c1-424b-9868-57a2d4851a1d" relativeResultsDirectory="4455d33d-9dc7-4c8a-b19f-42a6a15f0fb5" />
    <UnitTestResult executionId="c8e750a1-c236-48ac-930d-379b8eb200a0" testId="2c3f88e3-e296-9dbe-34b4-dfa03a9c5584" testName="OmniSuite.Tests.Domain.Utils.UserClaimsHelperTests.GetUserId_WhenNameIdentifierClaimIsMissing_ShouldReturnEmptyGuid" computerName="NTMAC-TEC62" duration="00:00:00.0003045" startTime="2025-09-01T22:17:33.6266110-03:00" endTime="2025-09-01T22:17:33.6266110-03:00" testType="13cdc9d9-ddb5-4fa4-a97d-d965ccfc6d4b" outcome="Passed" testListId="8c84fa94-04c1-424b-9868-57a2d4851a1d" relativeResultsDirectory="c8e750a1-c236-48ac-930d-379b8eb200a0" />
    <UnitTestResult executionId="f1fa338c-719d-4644-8ffb-878d8f33ffc7" testId="e56e0ec2-aa50-7fe5-d54d-43078a6e35f4" testName="OmniSuite.Tests.Domain.Utils.UserClaimsHelperTests.GetUserId_WhenClaimsAreEmpty_ShouldReturnEmptyGuid" computerName="NTMAC-TEC62" duration="00:00:00.0008049" startTime="2025-09-01T22:17:33.6257928-03:00" endTime="2025-09-01T22:17:33.6257928-03:00" testType="13cdc9d9-ddb5-4fa4-a97d-d965ccfc6d4b" outcome="Passed" testListId="8c84fa94-04c1-424b-9868-57a2d4851a1d" relativeResultsDirectory="f1fa338c-719d-4644-8ffb-878d8f33ffc7" />
    <UnitTestResult executionId="632e028f-5874-44a8-b136-a6df0b2f5092" testId="86afa48a-a085-ea17-2997-dabd5210641c" testName="OmniSuite.Tests.Application.Authentication.Validations.LoginValidationTests.ValidateAsync_WithMultipleValidationFailures_ShouldReturnAllErrors" computerName="NTMAC-TEC62" duration="00:00:00.6838485" startTime="2025-09-01T22:17:34.0112433-03:00" endTime="2025-09-01T22:17:34.0112433-03:00" testType="13cdc9d9-ddb5-4fa4-a97d-d965ccfc6d4b" outcome="Passed" testListId="8c84fa94-04c1-424b-9868-57a2d4851a1d" relativeResultsDirectory="632e028f-5874-44a8-b136-a6df0b2f5092" />
    <UnitTestResult executionId="bed03b44-ddd9-47b9-85cc-b7188d0f9a6b" testId="6bc5d110-955a-bbbe-553c-75ec9a6f5806" testName="OmniSuite.Tests.API.Controllers.UserControllerTests.Controller_ShouldHaveRequiredMethods(methodName: &quot;UpdateUser&quot;)" computerName="NTMAC-TEC62" duration="00:00:00.0000727" startTime="2025-09-01T22:17:33.6292896-03:00" endTime="2025-09-01T22:17:33.6292896-03:00" testType="13cdc9d9-ddb5-4fa4-a97d-d965ccfc6d4b" outcome="Passed" testListId="8c84fa94-04c1-424b-9868-57a2d4851a1d" relativeResultsDirectory="bed03b44-ddd9-47b9-85cc-b7188d0f9a6b" />
    <UnitTestResult executionId="0c1c83d5-a0ac-41a2-8590-3eb82aa3c3d1" testId="7941d2de-2f60-35b7-cf62-aee928715ec3" testName="OmniSuite.Tests.Application.Authentication.Validations.LoginValidationTests.ValidateAsync_WithInvalidEmailFormats_ShouldFailValidation(email: &quot;invalid-email&quot;)" computerName="NTMAC-TEC62" duration="00:00:00.0007638" startTime="2025-09-01T22:17:34.0299355-03:00" endTime="2025-09-01T22:17:34.0299357-03:00" testType="13cdc9d9-ddb5-4fa4-a97d-d965ccfc6d4b" outcome="Passed" testListId="8c84fa94-04c1-424b-9868-57a2d4851a1d" relativeResultsDirectory="0c1c83d5-a0ac-41a2-8590-3eb82aa3c3d1" />
    <UnitTestResult executionId="b8121695-b6b8-4119-a2be-b7044c1a12e8" testId="fbc4afca-75df-e12e-2442-adde86f10e93" testName="OmniSuite.Tests.Application.User.UserQueryHandlerTests.Handle_UserByEmailQuery_WithValidEmail_ShouldReturnUserResponse" computerName="NTMAC-TEC62" duration="00:00:00.0042966" startTime="2025-09-01T22:17:34.0836310-03:00" endTime="2025-09-01T22:17:34.0836312-03:00" testType="13cdc9d9-ddb5-4fa4-a97d-d965ccfc6d4b" outcome="Passed" testListId="8c84fa94-04c1-424b-9868-57a2d4851a1d" relativeResultsDirectory="b8121695-b6b8-4119-a2be-b7044c1a12e8" />
    <UnitTestResult executionId="4e556cf9-266e-4a97-907b-8620f8d875f2" testId="fe6dd007-23af-3cd5-4839-bdfb2b0c473c" testName="OmniSuite.Tests.API.Controllers.UserControllerTests.UpdateUser_WhenCalled_ShouldReturnOkResult" computerName="NTMAC-TEC62" duration="00:00:00.0005805" startTime="2025-09-01T22:17:33.6414712-03:00" endTime="2025-09-01T22:17:33.6414713-03:00" testType="13cdc9d9-ddb5-4fa4-a97d-d965ccfc6d4b" outcome="Passed" testListId="8c84fa94-04c1-424b-9868-57a2d4851a1d" relativeResultsDirectory="4e556cf9-266e-4a97-907b-8620f8d875f2" />
    <UnitTestResult executionId="b74a301c-c515-4624-8136-6955e32d84ec" testId="8265ce15-a662-e333-ed21-d6d5f2063ca3" testName="OmniSuite.Tests.Application.Authentication.AuthenticationHandlerTests.Handle_RefreshTokenCommand_WithValidToken_ShouldReturnNewAuthenticationResponse" computerName="NTMAC-TEC62" duration="00:00:00.0021365" startTime="2025-09-01T22:17:34.0427129-03:00" endTime="2025-09-01T22:17:34.0427130-03:00" testType="13cdc9d9-ddb5-4fa4-a97d-d965ccfc6d4b" outcome="Passed" testListId="8c84fa94-04c1-424b-9868-57a2d4851a1d" relativeResultsDirectory="b74a301c-c515-4624-8136-6955e32d84ec" />
    <UnitTestResult executionId="7d4c4d1f-a9ba-44a0-bbf8-85b3f9a8b99a" testId="246701f9-0d91-5fb1-bebf-383f892b7800" testName="OmniSuite.Tests.Application.Pipeline.ValidationBehaviorTests.Handle_WhenMultipleValidatorsFail_ShouldThrowValidationExceptionWithAllFailures" computerName="NTMAC-TEC62" duration="00:00:00.0017013" startTime="2025-09-01T22:17:33.5960074-03:00" endTime="2025-09-01T22:17:33.5960074-03:00" testType="13cdc9d9-ddb5-4fa4-a97d-d965ccfc6d4b" outcome="Passed" testListId="8c84fa94-04c1-424b-9868-57a2d4851a1d" relativeResultsDirectory="7d4c4d1f-a9ba-44a0-bbf8-85b3f9a8b99a" />
    <UnitTestResult executionId="600a9cd5-8380-4eaf-acfa-29cf7b7a028d" testId="83718c6a-d292-3909-64ce-702e3b0201cb" testName="OmniSuite.Tests.API.Controllers.UserControllerTests.SetupMFA_WhenCalled_ShouldReturnCorrectResponseType" computerName="NTMAC-TEC62" duration="00:00:00.0024967" startTime="2025-09-01T22:17:33.6237589-03:00" endTime="2025-09-01T22:17:33.6237590-03:00" testType="13cdc9d9-ddb5-4fa4-a97d-d965ccfc6d4b" outcome="Passed" testListId="8c84fa94-04c1-424b-9868-57a2d4851a1d" relativeResultsDirectory="600a9cd5-8380-4eaf-acfa-29cf7b7a028d" />
    <UnitTestResult executionId="fe37903c-2da6-4f4e-a1e4-544661fe7ddc" testId="460a2a69-9ab5-c3c8-87d1-ed376b12c0d7" testName="OmniSuite.Tests.Application.User.UserQueryHandlerTests.Handle_UpdatePhotoUserCommand_ShouldUpdateProfilePhotoSuccessfully" computerName="NTMAC-TEC62" duration="00:00:00.0142120" startTime="2025-09-01T22:17:34.0715863-03:00" endTime="2025-09-01T22:17:34.0715865-03:00" testType="13cdc9d9-ddb5-4fa4-a97d-d965ccfc6d4b" outcome="Passed" testListId="8c84fa94-04c1-424b-9868-57a2d4851a1d" relativeResultsDirectory="fe37903c-2da6-4f4e-a1e4-544661fe7ddc" />
    <UnitTestResult executionId="1897d88d-ede5-4543-bf28-688b17f460a2" testId="7ee7bde8-60cd-80a9-270d-9adeab9abd14" testName="OmniSuite.Tests.Application.Pipeline.ValidationBehaviorTests.Handle_WhenValidatorsPass_ShouldCallNextHandler" computerName="NTMAC-TEC62" duration="00:00:00.0023133" startTime="2025-09-01T22:17:33.5942621-03:00" endTime="2025-09-01T22:17:33.5942622-03:00" testType="13cdc9d9-ddb5-4fa4-a97d-d965ccfc6d4b" outcome="Passed" testListId="8c84fa94-04c1-424b-9868-57a2d4851a1d" relativeResultsDirectory="1897d88d-ede5-4543-bf28-688b17f460a2" />
  </Results>
  <TestDefinitions>
    <UnitTest name="OmniSuite.Tests.API.Controllers.UserControllerTests.Controller_ShouldHaveAuthorizeAttribute" storage="c:\users\rafael\documents\projetos\white api\nueva_api\omnisuite.tests\bin\release\net8.0\omnisuite.tests.dll" id="860af80c-2a57-34e2-6b23-29ed7c82fe3d">
      <Execution id="1057cbc7-3293-40d8-b4ea-75274b7b4187" />
      <TestMethod codeBase="C:\Users\Rafael\Documents\Projetos\White API\nueva_api\OmniSuite.Tests\bin\Release\net8.0\OmniSuite.Tests.dll" adapterTypeName="executor://xunit/VsTestRunner2/netcoreapp" className="OmniSuite.Tests.API.Controllers.UserControllerTests" name="Controller_ShouldHaveAuthorizeAttribute" />
    </UnitTest>
    <UnitTest name="OmniSuite.Tests.Domain.Utils.UserClaimsHelperTests.GetUserId_WhenUserIsNotAuthenticated_ShouldReturnEmptyGuid" storage="c:\users\rafael\documents\projetos\white api\nueva_api\omnisuite.tests\bin\release\net8.0\omnisuite.tests.dll" id="1ee506b1-38a1-0727-f81b-93fabdaa9b48">
      <Execution id="49c268be-29ff-44e6-a54b-3df4502e75b4" />
      <TestMethod codeBase="C:\Users\Rafael\Documents\Projetos\White API\nueva_api\OmniSuite.Tests\bin\Release\net8.0\OmniSuite.Tests.dll" adapterTypeName="executor://xunit/VsTestRunner2/netcoreapp" className="OmniSuite.Tests.Domain.Utils.UserClaimsHelperTests" name="GetUserId_WhenUserIsNotAuthenticated_ShouldReturnEmptyGuid" />
    </UnitTest>
    <UnitTest name="OmniSuite.Tests.Domain.Utils.UserClaimsHelperTests.GetUserId_WhenUserIdentityIsNull_ShouldReturnEmptyGuid" storage="c:\users\rafael\documents\projetos\white api\nueva_api\omnisuite.tests\bin\release\net8.0\omnisuite.tests.dll" id="f2be6c2b-dd65-346e-bcf3-aaca2788e2dc">
      <Execution id="b27284f4-74cb-4986-9111-ba2e43617009" />
      <TestMethod codeBase="C:\Users\Rafael\Documents\Projetos\White API\nueva_api\OmniSuite.Tests\bin\Release\net8.0\OmniSuite.Tests.dll" adapterTypeName="executor://xunit/VsTestRunner2/netcoreapp" className="OmniSuite.Tests.Domain.Utils.UserClaimsHelperTests" name="GetUserId_WhenUserIdentityIsNull_ShouldReturnEmptyGuid" />
    </UnitTest>
    <UnitTest name="OmniSuite.Tests.API.Controllers.UserControllerTests.UpdateUser_WhenCalled_ShouldReturnOkResult" storage="c:\users\rafael\documents\projetos\white api\nueva_api\omnisuite.tests\bin\release\net8.0\omnisuite.tests.dll" id="fe6dd007-23af-3cd5-4839-bdfb2b0c473c">
      <Execution id="4e556cf9-266e-4a97-907b-8620f8d875f2" />
      <TestMethod codeBase="C:\Users\Rafael\Documents\Projetos\White API\nueva_api\OmniSuite.Tests\bin\Release\net8.0\OmniSuite.Tests.dll" adapterTypeName="executor://xunit/VsTestRunner2/netcoreapp" className="OmniSuite.Tests.API.Controllers.UserControllerTests" name="UpdateUser_WhenCalled_ShouldReturnOkResult" />
    </UnitTest>
    <UnitTest name="OmniSuite.Tests.Application.User.UserQueryHandlerTests.Handle_CreateMFAUserCommand_WithInvalidCode_ShouldReturnFailure" storage="c:\users\rafael\documents\projetos\white api\nueva_api\omnisuite.tests\bin\release\net8.0\omnisuite.tests.dll" id="c5e4137f-1317-c3a6-3fae-d169e4c0c665">
      <Execution id="3a16d142-0da2-467a-bd5b-b496a17cfd90" />
      <TestMethod codeBase="C:\Users\Rafael\Documents\Projetos\White API\nueva_api\OmniSuite.Tests\bin\Release\net8.0\OmniSuite.Tests.dll" adapterTypeName="executor://xunit/VsTestRunner2/netcoreapp" className="OmniSuite.Tests.Application.User.UserQueryHandlerTests" name="Handle_CreateMFAUserCommand_WithInvalidCode_ShouldReturnFailure" />
    </UnitTest>
    <UnitTest name="OmniSuite.Tests.API.Controllers.UserControllerTests.CreateMFA_WhenCalled_ShouldReturnCorrectResponseType" storage="c:\users\rafael\documents\projetos\white api\nueva_api\omnisuite.tests\bin\release\net8.0\omnisuite.tests.dll" id="778544f0-a211-ec95-a56a-4244c70bda63">
      <Execution id="28614395-226d-4134-983b-ecce45b6396e" />
      <TestMethod codeBase="C:\Users\Rafael\Documents\Projetos\White API\nueva_api\OmniSuite.Tests\bin\Release\net8.0\OmniSuite.Tests.dll" adapterTypeName="executor://xunit/VsTestRunner2/netcoreapp" className="OmniSuite.Tests.API.Controllers.UserControllerTests" name="CreateMFA_WhenCalled_ShouldReturnCorrectResponseType" />
    </UnitTest>
    <UnitTest name="OmniSuite.Tests.Application.User.UserQueryHandlerTests.Handle_UserByEmailQuery_WithValidEmail_ShouldReturnUserResponse" storage="c:\users\rafael\documents\projetos\white api\nueva_api\omnisuite.tests\bin\release\net8.0\omnisuite.tests.dll" id="fbc4afca-75df-e12e-2442-adde86f10e93">
      <Execution id="b8121695-b6b8-4119-a2be-b7044c1a12e8" />
      <TestMethod codeBase="C:\Users\Rafael\Documents\Projetos\White API\nueva_api\OmniSuite.Tests\bin\Release\net8.0\OmniSuite.Tests.dll" adapterTypeName="executor://xunit/VsTestRunner2/netcoreapp" className="OmniSuite.Tests.Application.User.UserQueryHandlerTests" name="Handle_UserByEmailQuery_WithValidEmail_ShouldReturnUserResponse" />
    </UnitTest>
    <UnitTest name="OmniSuite.Tests.API.Controllers.UserControllerTests.UpdatePhoto_WhenCalled_ShouldReturnOkResult" storage="c:\users\rafael\documents\projetos\white api\nueva_api\omnisuite.tests\bin\release\net8.0\omnisuite.tests.dll" id="4a7f3f91-72e5-e999-d62d-106ce14a0cf8">
      <Execution id="d657cf09-8835-4a23-822e-8e389a534436" />
      <TestMethod codeBase="C:\Users\Rafael\Documents\Projetos\White API\nueva_api\OmniSuite.Tests\bin\Release\net8.0\OmniSuite.Tests.dll" adapterTypeName="executor://xunit/VsTestRunner2/netcoreapp" className="OmniSuite.Tests.API.Controllers.UserControllerTests" name="UpdatePhoto_WhenCalled_ShouldReturnOkResult" />
    </UnitTest>
    <UnitTest name="OmniSuite.Tests.Domain.Utils.UserClaimsHelperTests.GetUserId_WithVariousValidGuidFormats_ShouldReturnCorrectGuid(guidString: &quot;11111111-1111-1111-1111-111111111111&quot;)" storage="c:\users\rafael\documents\projetos\white api\nueva_api\omnisuite.tests\bin\release\net8.0\omnisuite.tests.dll" id="23ce2706-3120-fc37-f35e-eef74a71d0b0">
      <Execution id="9c906b68-bf39-4677-9770-ef3bcde9f663" />
      <TestMethod codeBase="C:\Users\Rafael\Documents\Projetos\White API\nueva_api\OmniSuite.Tests\bin\Release\net8.0\OmniSuite.Tests.dll" adapterTypeName="executor://xunit/VsTestRunner2/netcoreapp" className="OmniSuite.Tests.Domain.Utils.UserClaimsHelperTests" name="GetUserId_WithVariousValidGuidFormats_ShouldReturnCorrectGuid" />
    </UnitTest>
    <UnitTest name="OmniSuite.Tests.API.Controllers.UserControllerTests.SetupMFA_WhenCalled_ShouldReturnOkResult" storage="c:\users\rafael\documents\projetos\white api\nueva_api\omnisuite.tests\bin\release\net8.0\omnisuite.tests.dll" id="3ac3905f-81d6-4e01-3d71-764e42945339">
      <Execution id="4a758db7-9f6f-4023-8626-723bb2eee8ee" />
      <TestMethod codeBase="C:\Users\Rafael\Documents\Projetos\White API\nueva_api\OmniSuite.Tests\bin\Release\net8.0\OmniSuite.Tests.dll" adapterTypeName="executor://xunit/VsTestRunner2/netcoreapp" className="OmniSuite.Tests.API.Controllers.UserControllerTests" name="SetupMFA_WhenCalled_ShouldReturnOkResult" />
    </UnitTest>
    <UnitTest name="OmniSuite.Tests.Domain.Utils.UserClaimsHelperTests.GetUserId_WhenNameIdentifierClaimIsMissing_ShouldReturnEmptyGuid" storage="c:\users\rafael\documents\projetos\white api\nueva_api\omnisuite.tests\bin\release\net8.0\omnisuite.tests.dll" id="2c3f88e3-e296-9dbe-34b4-dfa03a9c5584">
      <Execution id="c8e750a1-c236-48ac-930d-379b8eb200a0" />
      <TestMethod codeBase="C:\Users\Rafael\Documents\Projetos\White API\nueva_api\OmniSuite.Tests\bin\Release\net8.0\OmniSuite.Tests.dll" adapterTypeName="executor://xunit/VsTestRunner2/netcoreapp" className="OmniSuite.Tests.Domain.Utils.UserClaimsHelperTests" name="GetUserId_WhenNameIdentifierClaimIsMissing_ShouldReturnEmptyGuid" />
    </UnitTest>
    <UnitTest name="OmniSuite.Tests.Application.User.UserQueryHandlerTests.Handle_SetupMFAQuery_ShouldReturnMFAConfiguration" storage="c:\users\rafael\documents\projetos\white api\nueva_api\omnisuite.tests\bin\release\net8.0\omnisuite.tests.dll" id="20f86969-8d7a-2e93-1cd6-2fbb64b22668">
      <Execution id="631ac6b5-a837-462c-b632-b7924e8806b0" />
      <TestMethod codeBase="C:\Users\Rafael\Documents\Projetos\White API\nueva_api\OmniSuite.Tests\bin\Release\net8.0\OmniSuite.Tests.dll" adapterTypeName="executor://xunit/VsTestRunner2/netcoreapp" className="OmniSuite.Tests.Application.User.UserQueryHandlerTests" name="Handle_SetupMFAQuery_ShouldReturnMFAConfiguration" />
    </UnitTest>
    <UnitTest name="OmniSuite.Tests.Application.Authentication.Validations.LoginValidationTests.ValidateAsync_WithInvalidPasswords_ShouldFailValidation(password: null)" storage="c:\users\rafael\documents\projetos\white api\nueva_api\omnisuite.tests\bin\release\net8.0\omnisuite.tests.dll" id="b6bfeb0b-bbdd-1ee9-deaf-8eed5de21675">
      <Execution id="f977d8d4-9685-46d5-849f-8b93d2b991da" />
      <TestMethod codeBase="C:\Users\Rafael\Documents\Projetos\White API\nueva_api\OmniSuite.Tests\bin\Release\net8.0\OmniSuite.Tests.dll" adapterTypeName="executor://xunit/VsTestRunner2/netcoreapp" className="OmniSuite.Tests.Application.Authentication.Validations.LoginValidationTests" name="ValidateAsync_WithInvalidPasswords_ShouldFailValidation" />
    </UnitTest>
    <UnitTest name="OmniSuite.Tests.Application.User.UserQueryHandlerTests.Handle_UserLoggedQuery_WithNonExistentUser_ShouldReturnFailure" storage="c:\users\rafael\documents\projetos\white api\nueva_api\omnisuite.tests\bin\release\net8.0\omnisuite.tests.dll" id="5a417d54-d978-28b1-01f4-37afc8427fff">
      <Execution id="a8bdbd3d-e731-4b3c-ba59-8fcb48321fb5" />
      <TestMethod codeBase="C:\Users\Rafael\Documents\Projetos\White API\nueva_api\OmniSuite.Tests\bin\Release\net8.0\OmniSuite.Tests.dll" adapterTypeName="executor://xunit/VsTestRunner2/netcoreapp" className="OmniSuite.Tests.Application.User.UserQueryHandlerTests" name="Handle_UserLoggedQuery_WithNonExistentUser_ShouldReturnFailure" />
    </UnitTest>
    <UnitTest name="OmniSuite.Tests.Application.Authentication.Validations.LoginValidationTests.ValidateAsync_WithEmptyEmail_ShouldFailValidation" storage="c:\users\rafael\documents\projetos\white api\nueva_api\omnisuite.tests\bin\release\net8.0\omnisuite.tests.dll" id="f50639ce-4dbc-1d3c-18dd-86c053493e75">
      <Execution id="87fd0073-971d-4a6c-bc66-824b8ee2b87d" />
      <TestMethod codeBase="C:\Users\Rafael\Documents\Projetos\White API\nueva_api\OmniSuite.Tests\bin\Release\net8.0\OmniSuite.Tests.dll" adapterTypeName="executor://xunit/VsTestRunner2/netcoreapp" className="OmniSuite.Tests.Application.Authentication.Validations.LoginValidationTests" name="ValidateAsync_WithEmptyEmail_ShouldFailValidation" />
    </UnitTest>
    <UnitTest name="OmniSuite.Tests.Application.Authentication.AuthenticationHandlerTests.Handle_LoginCommand_WithValidCredentials_ShouldReturnAuthenticationResponse" storage="c:\users\rafael\documents\projetos\white api\nueva_api\omnisuite.tests\bin\release\net8.0\omnisuite.tests.dll" id="69671295-1f0b-bea1-561d-1bf4eed75bc6">
      <Execution id="9322b5d5-1306-40dd-a194-c4f0dd2fe394" />
      <TestMethod codeBase="C:\Users\Rafael\Documents\Projetos\White API\nueva_api\OmniSuite.Tests\bin\Release\net8.0\OmniSuite.Tests.dll" adapterTypeName="executor://xunit/VsTestRunner2/netcoreapp" className="OmniSuite.Tests.Application.Authentication.AuthenticationHandlerTests" name="Handle_LoginCommand_WithValidCredentials_ShouldReturnAuthenticationResponse" />
    </UnitTest>
    <UnitTest name="OmniSuite.Tests.Application.Authentication.Validations.LoginValidationTests.ValidateAsync_WithValidCredentials_ShouldPassValidation" storage="c:\users\rafael\documents\projetos\white api\nueva_api\omnisuite.tests\bin\release\net8.0\omnisuite.tests.dll" id="8b41c114-49c4-c34d-f190-d8e699e7f3b2">
      <Execution id="dfb4a229-d86b-4521-b625-7904ec518fb3" />
      <TestMethod codeBase="C:\Users\Rafael\Documents\Projetos\White API\nueva_api\OmniSuite.Tests\bin\Release\net8.0\OmniSuite.Tests.dll" adapterTypeName="executor://xunit/VsTestRunner2/netcoreapp" className="OmniSuite.Tests.Application.Authentication.Validations.LoginValidationTests" name="ValidateAsync_WithValidCredentials_ShouldPassValidation" />
    </UnitTest>
    <UnitTest name="OmniSuite.Tests.Application.Pipeline.ValidationBehaviorTests.Handle_WhenMultipleValidatorsFail_ShouldThrowValidationExceptionWithAllFailures" storage="c:\users\rafael\documents\projetos\white api\nueva_api\omnisuite.tests\bin\release\net8.0\omnisuite.tests.dll" id="246701f9-0d91-5fb1-bebf-383f892b7800">
      <Execution id="7d4c4d1f-a9ba-44a0-bbf8-85b3f9a8b99a" />
      <TestMethod codeBase="C:\Users\Rafael\Documents\Projetos\White API\nueva_api\OmniSuite.Tests\bin\Release\net8.0\OmniSuite.Tests.dll" adapterTypeName="executor://xunit/VsTestRunner2/netcoreapp" className="OmniSuite.Tests.Application.Pipeline.ValidationBehaviorTests" name="Handle_WhenMultipleValidatorsFail_ShouldThrowValidationExceptionWithAllFailures" />
    </UnitTest>
    <UnitTest name="OmniSuite.Tests.Domain.Enums.UserStatusEnumTests.UserStatusEnum_ShouldSupportBitwiseOperations" storage="c:\users\rafael\documents\projetos\white api\nueva_api\omnisuite.tests\bin\release\net8.0\omnisuite.tests.dll" id="32d157c8-92e8-62fc-e5e4-b5c5247f9133">
      <Execution id="b4f87c0b-1497-45eb-86a1-abeafbf9398b" />
      <TestMethod codeBase="C:\Users\Rafael\Documents\Projetos\White API\nueva_api\OmniSuite.Tests\bin\Release\net8.0\OmniSuite.Tests.dll" adapterTypeName="executor://xunit/VsTestRunner2/netcoreapp" className="OmniSuite.Tests.Domain.Enums.UserStatusEnumTests" name="UserStatusEnum_ShouldSupportBitwiseOperations" />
    </UnitTest>
    <UnitTest name="OmniSuite.Tests.Domain.Enums.UserStatusEnumTests.UserStatusEnum_ShouldBeUsedInSwitchStatements" storage="c:\users\rafael\documents\projetos\white api\nueva_api\omnisuite.tests\bin\release\net8.0\omnisuite.tests.dll" id="232db259-e048-ec80-c3b7-073ad68d33a7">
      <Execution id="081431bc-768d-438b-b8ea-481e52c84565" />
      <TestMethod codeBase="C:\Users\Rafael\Documents\Projetos\White API\nueva_api\OmniSuite.Tests\bin\Release\net8.0\OmniSuite.Tests.dll" adapterTypeName="executor://xunit/VsTestRunner2/netcoreapp" className="OmniSuite.Tests.Domain.Enums.UserStatusEnumTests" name="UserStatusEnum_ShouldBeUsedInSwitchStatements" />
    </UnitTest>
    <UnitTest name="OmniSuite.Tests.Domain.Entities.UserTests.User_WhenPhoneSet_ShouldStorePhoneNumber" storage="c:\users\rafael\documents\projetos\white api\nueva_api\omnisuite.tests\bin\release\net8.0\omnisuite.tests.dll" id="e4e3702f-6204-b683-d756-6030879425c0">
      <Execution id="170a97b7-25c3-4cd1-9b7e-13b43f23361f" />
      <TestMethod codeBase="C:\Users\Rafael\Documents\Projetos\White API\nueva_api\OmniSuite.Tests\bin\Release\net8.0\OmniSuite.Tests.dll" adapterTypeName="executor://xunit/VsTestRunner2/netcoreapp" className="OmniSuite.Tests.Domain.Entities.UserTests" name="User_WhenPhoneSet_ShouldStorePhoneNumber" />
    </UnitTest>
    <UnitTest name="OmniSuite.Tests.Application.Authentication.AuthenticationHandlerTests.Handle_RefreshTokenCommand_WithInvalidToken_ShouldReturnFailure" storage="c:\users\rafael\documents\projetos\white api\nueva_api\omnisuite.tests\bin\release\net8.0\omnisuite.tests.dll" id="ca4eb2eb-dae0-98ec-a789-4641b930f5cb">
      <Execution id="ee68e320-6645-46c8-b766-18d206937c9a" />
      <TestMethod codeBase="C:\Users\Rafael\Documents\Projetos\White API\nueva_api\OmniSuite.Tests\bin\Release\net8.0\OmniSuite.Tests.dll" adapterTypeName="executor://xunit/VsTestRunner2/netcoreapp" className="OmniSuite.Tests.Application.Authentication.AuthenticationHandlerTests" name="Handle_RefreshTokenCommand_WithInvalidToken_ShouldReturnFailure" />
    </UnitTest>
    <UnitTest name="OmniSuite.Tests.Domain.Enums.UserStatusEnumTests.UserStatusEnum_ShouldHaveExpectedValues" storage="c:\users\rafael\documents\projetos\white api\nueva_api\omnisuite.tests\bin\release\net8.0\omnisuite.tests.dll" id="1546c3bb-112b-957d-50ad-a707b21be89b">
      <Execution id="dfcdad21-8d45-4bd7-b933-53648c5bbfa8" />
      <TestMethod codeBase="C:\Users\Rafael\Documents\Projetos\White API\nueva_api\OmniSuite.Tests\bin\Release\net8.0\OmniSuite.Tests.dll" adapterTypeName="executor://xunit/VsTestRunner2/netcoreapp" className="OmniSuite.Tests.Domain.Enums.UserStatusEnumTests" name="UserStatusEnum_ShouldHaveExpectedValues" />
    </UnitTest>
    <UnitTest name="OmniSuite.Tests.Domain.Enums.UserStatusEnumTests.UserStatusEnum_ShouldHaveCorrectNumericValues(status: inactive, expectedValue: 0)" storage="c:\users\rafael\documents\projetos\white api\nueva_api\omnisuite.tests\bin\release\net8.0\omnisuite.tests.dll" id="c5cbf1dd-63a0-72e0-0047-69dca8744639">
      <Execution id="daef8735-860b-4391-a178-ceec95dae330" />
      <TestMethod codeBase="C:\Users\Rafael\Documents\Projetos\White API\nueva_api\OmniSuite.Tests\bin\Release\net8.0\OmniSuite.Tests.dll" adapterTypeName="executor://xunit/VsTestRunner2/netcoreapp" className="OmniSuite.Tests.Domain.Enums.UserStatusEnumTests" name="UserStatusEnum_ShouldHaveCorrectNumericValues" />
    </UnitTest>
    <UnitTest name="OmniSuite.Tests.Domain.Utils.UserClaimsHelperTests.GetUserId_WithVariousValidGuidFormats_ShouldReturnCorrectGuid(guidString: &quot;00000000-0000-0000-0000-000000000000&quot;)" storage="c:\users\rafael\documents\projetos\white api\nueva_api\omnisuite.tests\bin\release\net8.0\omnisuite.tests.dll" id="82b3ad77-cd95-1e60-7225-a5fb704d172e">
      <Execution id="253f0baa-5f2e-4de5-9753-e5baac5726c4" />
      <TestMethod codeBase="C:\Users\Rafael\Documents\Projetos\White API\nueva_api\OmniSuite.Tests\bin\Release\net8.0\OmniSuite.Tests.dll" adapterTypeName="executor://xunit/VsTestRunner2/netcoreapp" className="OmniSuite.Tests.Domain.Utils.UserClaimsHelperTests" name="GetUserId_WithVariousValidGuidFormats_ShouldReturnCorrectGuid" />
    </UnitTest>
    <UnitTest name="OmniSuite.Tests.API.Controllers.UserControllerTests.GetUserLogged_WhenCalled_ShouldReturnOkResult" storage="c:\users\rafael\documents\projetos\white api\nueva_api\omnisuite.tests\bin\release\net8.0\omnisuite.tests.dll" id="b20eb02d-22b8-cd0d-6211-2e4e4e1061e0">
      <Execution id="a14562a2-1cbf-4c38-9667-637280e5d509" />
      <TestMethod codeBase="C:\Users\Rafael\Documents\Projetos\White API\nueva_api\OmniSuite.Tests\bin\Release\net8.0\OmniSuite.Tests.dll" adapterTypeName="executor://xunit/VsTestRunner2/netcoreapp" className="OmniSuite.Tests.API.Controllers.UserControllerTests" name="GetUserLogged_WhenCalled_ShouldReturnOkResult" />
    </UnitTest>
    <UnitTest name="OmniSuite.Tests.Domain.Enums.UserStatusEnumTests.UserStatusEnum_ShouldHaveDistinctValues" storage="c:\users\rafael\documents\projetos\white api\nueva_api\omnisuite.tests\bin\release\net8.0\omnisuite.tests.dll" id="17868378-f4fa-d249-3892-aa7b3c71562c">
      <Execution id="2715512b-a5ff-4afb-967c-c74043b81c9c" />
      <TestMethod codeBase="C:\Users\Rafael\Documents\Projetos\White API\nueva_api\OmniSuite.Tests\bin\Release\net8.0\OmniSuite.Tests.dll" adapterTypeName="executor://xunit/VsTestRunner2/netcoreapp" className="OmniSuite.Tests.Domain.Enums.UserStatusEnumTests" name="UserStatusEnum_ShouldHaveDistinctValues" />
    </UnitTest>
    <UnitTest name="OmniSuite.Tests.Application.Pipeline.ValidationBehaviorTests.Handle_WhenValidatorsFail_ShouldThrowValidationException" storage="c:\users\rafael\documents\projetos\white api\nueva_api\omnisuite.tests\bin\release\net8.0\omnisuite.tests.dll" id="0d1efe88-0ca1-6a78-e2d2-c906d6190b55">
      <Execution id="3ba1bbce-70c9-46cb-8601-96c29eeb8ff1" />
      <TestMethod codeBase="C:\Users\Rafael\Documents\Projetos\White API\nueva_api\OmniSuite.Tests\bin\Release\net8.0\OmniSuite.Tests.dll" adapterTypeName="executor://xunit/VsTestRunner2/netcoreapp" className="OmniSuite.Tests.Application.Pipeline.ValidationBehaviorTests" name="Handle_WhenValidatorsFail_ShouldThrowValidationException" />
    </UnitTest>
    <UnitTest name="OmniSuite.Tests.Domain.Enums.UserStatusEnumTests.UserStatusEnum_ShouldBeComparable" storage="c:\users\rafael\documents\projetos\white api\nueva_api\omnisuite.tests\bin\release\net8.0\omnisuite.tests.dll" id="50ed26f4-8c34-97da-4b6b-e114b8803b0e">
      <Execution id="b2b1e9b5-f1be-46a7-a222-ba9ed6a79043" />
      <TestMethod codeBase="C:\Users\Rafael\Documents\Projetos\White API\nueva_api\OmniSuite.Tests\bin\Release\net8.0\OmniSuite.Tests.dll" adapterTypeName="executor://xunit/VsTestRunner2/netcoreapp" className="OmniSuite.Tests.Domain.Enums.UserStatusEnumTests" name="UserStatusEnum_ShouldBeComparable" />
    </UnitTest>
    <UnitTest name="OmniSuite.Tests.API.Controllers.UserControllerTests.Controller_ShouldHaveRequiredMethods(methodName: &quot;GetUserLogged&quot;)" storage="c:\users\rafael\documents\projetos\white api\nueva_api\omnisuite.tests\bin\release\net8.0\omnisuite.tests.dll" id="459dbc4f-1d16-db8d-ae6f-8f824999e85d">
      <Execution id="c702e3e7-dfab-45e1-83ac-4242f5c5a264" />
      <TestMethod codeBase="C:\Users\Rafael\Documents\Projetos\White API\nueva_api\OmniSuite.Tests\bin\Release\net8.0\OmniSuite.Tests.dll" adapterTypeName="executor://xunit/VsTestRunner2/netcoreapp" className="OmniSuite.Tests.API.Controllers.UserControllerTests" name="Controller_ShouldHaveRequiredMethods" />
    </UnitTest>
    <UnitTest name="OmniSuite.Tests.Application.Authentication.AuthenticationHandlerTests.Handle_RefreshTokenCommand_WithExpiredToken_ShouldReturnFailure" storage="c:\users\rafael\documents\projetos\white api\nueva_api\omnisuite.tests\bin\release\net8.0\omnisuite.tests.dll" id="7b074a97-8dca-5ffe-d801-d6a2efa88984">
      <Execution id="803531ca-75a6-46ee-bdfc-5e90a930f9b8" />
      <TestMethod codeBase="C:\Users\Rafael\Documents\Projetos\White API\nueva_api\OmniSuite.Tests\bin\Release\net8.0\OmniSuite.Tests.dll" adapterTypeName="executor://xunit/VsTestRunner2/netcoreapp" className="OmniSuite.Tests.Application.Authentication.AuthenticationHandlerTests" name="Handle_RefreshTokenCommand_WithExpiredToken_ShouldReturnFailure" />
    </UnitTest>
    <UnitTest name="OmniSuite.Tests.API.Controllers.UserControllerTests.GetUser_WhenCalled_ShouldReturnCorrectResponseType" storage="c:\users\rafael\documents\projetos\white api\nueva_api\omnisuite.tests\bin\release\net8.0\omnisuite.tests.dll" id="edd00216-f22f-3f18-d82f-0cc5a03c7f30">
      <Execution id="306baab4-096e-4e20-870d-cf7f02d64a39" />
      <TestMethod codeBase="C:\Users\Rafael\Documents\Projetos\White API\nueva_api\OmniSuite.Tests\bin\Release\net8.0\OmniSuite.Tests.dll" adapterTypeName="executor://xunit/VsTestRunner2/netcoreapp" className="OmniSuite.Tests.API.Controllers.UserControllerTests" name="GetUser_WhenCalled_ShouldReturnCorrectResponseType" />
    </UnitTest>
    <UnitTest name="OmniSuite.Tests.Application.Authentication.Validations.LoginValidationTests.ValidateAsync_WithNullCommand_ShouldThrowArgumentNullException" storage="c:\users\rafael\documents\projetos\white api\nueva_api\omnisuite.tests\bin\release\net8.0\omnisuite.tests.dll" id="1f888ede-d792-c2be-8cf5-84884c325e5d">
      <Execution id="fe4a3e89-e52e-4b05-ad1d-dbf1152c180a" />
      <TestMethod codeBase="C:\Users\Rafael\Documents\Projetos\White API\nueva_api\OmniSuite.Tests\bin\Release\net8.0\OmniSuite.Tests.dll" adapterTypeName="executor://xunit/VsTestRunner2/netcoreapp" className="OmniSuite.Tests.Application.Authentication.Validations.LoginValidationTests" name="ValidateAsync_WithNullCommand_ShouldThrowArgumentNullException" />
    </UnitTest>
    <UnitTest name="OmniSuite.Tests.Domain.Entities.UserTests.User_WhenDocumentSet_ShouldStoreDocumentNumber" storage="c:\users\rafael\documents\projetos\white api\nueva_api\omnisuite.tests\bin\release\net8.0\omnisuite.tests.dll" id="a3bb2723-9de5-3f82-06c9-44398ac9897d">
      <Execution id="b1f7518b-b5b8-48b5-9877-bdfaf8f32765" />
      <TestMethod codeBase="C:\Users\Rafael\Documents\Projetos\White API\nueva_api\OmniSuite.Tests\bin\Release\net8.0\OmniSuite.Tests.dll" adapterTypeName="executor://xunit/VsTestRunner2/netcoreapp" className="OmniSuite.Tests.Domain.Entities.UserTests" name="User_WhenDocumentSet_ShouldStoreDocumentNumber" />
    </UnitTest>
[...]
      <Execution id="4cd22cd5-6f9e-4a2d-92cc-6e9cc25cd7e0" />
      <TestMethod codeBase="C:\Users\Rafael\Documents\Projetos\White API\nueva_api\OmniSuite.Tests\bin\Release\net8.0\OmniSuite.Tests.dll" adapterTypeName="executor://xunit/VsTestRunner2/netcoreapp" className="OmniSuite.Tests.API.Controllers.UserControllerTests" name="Controller_ShouldHaveRequiredMethods" />
    </UnitTest>
    <UnitTest name="OmniSuite.Tests.Application.Authentication.Validations.LoginValidationTests.ValidateAsync_WithInvalidEmailFormats_ShouldFailValidation(email: &quot;invalid-email&quot;)" storage="c:\users\rafael\documents\projetos\white api\nueva_api\omnisuite.tests\bin\release\net8.0\omnisuite.tests.dll" id="7941d2de-2f60-35b7-cf62-aee928715ec3">
      <Execution id="0c1c83d5-a0ac-41a2-8590-3eb82aa3c3d1" />
      <TestMethod codeBase="C:\Users\Rafael\Documents\Projetos\White API\nueva_api\OmniSuite.Tests\bin\Release\net8.0\OmniSuite.Tests.dll" adapterTypeName="executor://xunit/VsTestRunner2/netcoreapp" className="OmniSuite.Tests.Application.Authentication.Validations.LoginValidationTests" name="ValidateAsync_WithInvalidEmailFormats_ShouldFailValidation" />
    </UnitTest>
    <UnitTest name="OmniSuite.Tests.Application.Authentication.Validations.LoginValidationTests.ValidateAsync_WithNonExistentUser_ShouldFailValidation" storage="c:\users\rafael\documents\projetos\white api\nueva_api\omnisuite.tests\bin\release\net8.0\omnisuite.tests.dll" id="c2dcc7a0-7f32-9648-d063-18ca88902d13">
      <Execution id="b8e3c3eb-62d3-49bc-8bf3-eb7753e20702" />
      <TestMethod codeBase="C:\Users\Rafael\Documents\Projetos\White API\nueva_api\OmniSuite.Tests\bin\Release\net8.0\OmniSuite.Tests.dll" adapterTypeName="executor://xunit/VsTestRunner2/netcoreapp" className="OmniSuite.Tests.Application.Authentication.Validations.LoginValidationTests" name="ValidateAsync_WithNonExistentUser_ShouldFailValidation" />
    </UnitTest>
    <UnitTest name="OmniSuite.Tests.API.Controllers.UserControllerTests.Controller_ShouldHaveRequiredMethods(methodName: &quot;SetupMFA&quot;)" storage="c:\users\rafael\documents\projetos\white api\nueva_api\omnisuite.tests\bin\release\net8.0\omnisuite.tests.dll" id="2226056d-9005-6304-6229-4f0fded9cd3a">
      <Execution id="80f84421-0968-4993-88ab-b214a2440147" />
      <TestMethod codeBase="C:\Users\Rafael\Documents\Projetos\White API\nueva_api\OmniSuite.Tests\bin\Release\net8.0\OmniSuite.Tests.dll" adapterTypeName="executor://xunit/VsTestRunner2/netcoreapp" className="OmniSuite.Tests.API.Controllers.UserControllerTests" name="Controller_ShouldHaveRequiredMethods" />
    </UnitTest>
  </TestDefinitions>
  <TestEntries>
    <TestEntry testId="34f6ad53-d154-1ddb-9f51-b4703a724d3a" executionId="016e36b9-a883-4ff5-a127-6bc94c30d0bc" testListId="8c84fa94-04c1-424b-9868-57a2d4851a1d" />
    <TestEntry testId="77529bce-9561-641b-f18c-f7ec35e36e2f" executionId="a5300a63-d4e8-4fc5-8880-46915401c3c3" testListId="8c84fa94-04c1-424b-9868-57a2d4851a1d" />
    <TestEntry testId="f1c4309a-f4f8-eb7a-5480-6e7ee8fa226f" executionId="024b1a8f-cf19-4699-85c4-d3f6617eec52" testListId="8c84fa94-04c1-424b-9868-57a2d4851a1d" />
    <TestEntry testId="5a417d54-d978-28b1-01f4-37afc8427fff" executionId="a8bdbd3d-e731-4b3c-ba59-8fcb48321fb5" testListId="8c84fa94-04c1-424b-9868-57a2d4851a1d" />
    <TestEntry testId="3ac3905f-81d6-4e01-3d71-764e42945339" executionId="4a758db7-9f6f-4023-8626-723bb2eee8ee" testListId="8c84fa94-04c1-424b-9868-57a2d4851a1d" />
    <TestEntry testId="433a7199-899b-9a0f-89dc-e44aa6e491bd" executionId="10355a28-efcc-4910-81fd-054f3f0c6102" testListId="8c84fa94-04c1-424b-9868-57a2d4851a1d" />
    <TestEntry testId="8f5a8278-6578-77ac-a0ed-4c40c855e497" executionId="caf39016-3ab4-45e9-90de-8268f99dadd3" testListId="8c84fa94-04c1-424b-9868-57a2d4851a1d" />
    <TestEntry testId="caacaf26-56da-69f1-33cd-c85b76911b51" executionId="20e7df48-37fe-49aa-8a6a-3e2eeb80ab18" testListId="8c84fa94-04c1-424b-9868-57a2d4851a1d" />
    <TestEntry testId="8e1a103a-d2cd-982d-c8fd-102bd423b483" executionId="db2ad8b1-ba62-475d-8bab-75d988d87b7d" testListId="8c84fa94-04c1-424b-9868-57a2d4851a1d" />
    <TestEntry testId="14fd9431-6249-2111-4e0a-b74ac2fe6e90" executionId="2f8e6e05-40d8-4891-82de-69c43e586be4" testListId="8c84fa94-04c1-424b-9868-57a2d4851a1d" />
    <TestEntry testId="1ee506b1-38a1-0727-f81b-93fabdaa9b48" executionId="49c268be-29ff-44e6-a54b-3df4502e75b4" testListId="8c84fa94-04c1-424b-9868-57a2d4851a1d" />
    <TestEntry testId="42e979ce-2d10-4b26-9e3f-be0f50f44c05" executionId="20e4cbfa-5aac-454a-a011-dc2a7b3c1943" testListId="8c84fa94-04c1-424b-9868-57a2d4851a1d" />
    <TestEntry testId="c2dcc7a0-7f32-9648-d063-18ca88902d13" executionId="b8e3c3eb-62d3-49bc-8bf3-eb7753e20702" testListId="8c84fa94-04c1-424b-9868-57a2d4851a1d" />
    <TestEntry testId="03576dc0-fee3-ea68-49f4-aa9cada5bc3f" executionId="c5f8bfd4-ebe4-4cad-a13b-a18555669b96" testListId="8c84fa94-04c1-424b-9868-57a2d4851a1d" />
    <TestEntry testId="ad22fb32-a319-284f-ab63-b65dd585d671" executionId="70bf56bf-bf47-4be0-89ac-635f21f0e3bc" testListId="8c84fa94-04c1-424b-9868-57a2d4851a1d" />
    <TestEntry testId="459dbc4f-1d16-db8d-ae6f-8f824999e85d" executionId="c702e3e7-dfab-45e1-83ac-4242f5c5a264" testListId="8c84fa94-04c1-424b-9868-57a2d4851a1d" />
    <TestEntry testId="645d5822-85b6-a8a7-abdc-310ae45769d9" executionId="fa9f1fa8-5c10-49e8-88bd-f96a5e88d88b" testListId="8c84fa94-04c1-424b-9868-57a2d4851a1d" />
    <TestEntry testId="860af80c-2a57-34e2-6b23-29ed7c82fe3d" executionId="1057cbc7-3293-40d8-b4ea-75274b7b4187" testListId="8c84fa94-04c1-424b-9868-57a2d4851a1d" />
    <TestEntry testId="17868378-f4fa-d249-3892-aa7b3c71562c" executionId="2715512b-a5ff-4afb-967c-c74043b81c9c" testListId="8c84fa94-04c1-424b-9868-57a2d4851a1d" />
    <TestEntry testId="cf05d223-c33b-f0e6-41de-e9cdc34ed149" executionId="86b83ab0-0316-45b5-aca1-6e8d707d57e3" testListId="8c84fa94-04c1-424b-9868-57a2d4851a1d" />
    <TestEntry testId="cf01a290-c4a5-170f-e547-8521d21b33d5" executionId="4cd22cd5-6f9e-4a2d-92cc-6e9cc25cd7e0" testListId="8c84fa94-04c1-424b-9868-57a2d4851a1d" />
    <TestEntry testId="c5cbf1dd-63a0-72e0-0047-69dca8744639" executionId="daef8735-860b-4391-a178-ceec95dae330" testListId="8c84fa94-04c1-424b-9868-57a2d4851a1d" />
    <TestEntry testId="c5e4137f-1317-c3a6-3fae-d169e4c0c665" executionId="3a16d142-0da2-467a-bd5b-b496a17cfd90" testListId="8c84fa94-04c1-424b-9868-57a2d4851a1d" />
    <TestEntry testId="b0ba48d1-3665-6ac7-93aa-233d3eef33f2" executionId="efa0bf7c-c978-4b91-a998-5a487758a46b" testListId="8c84fa94-04c1-424b-9868-57a2d4851a1d" />
    <TestEntry testId="a3bb2723-9de5-3f82-06c9-44398ac9897d" executionId="b1f7518b-b5b8-48b5-9877-bdfaf8f32765" testListId="8c84fa94-04c1-424b-9868-57a2d4851a1d" />
    <TestEntry testId="7b074a97-8dca-5ffe-d801-d6a2efa88984" executionId="803531ca-75a6-46ee-bdfc-5e90a930f9b8" testListId="8c84fa94-04c1-424b-9868-57a2d4851a1d" />
    <TestEntry testId="76223c26-36b4-833a-0358-af8219f45b91" executionId="2ab6ab89-a2e7-4660-92a5-392c1b4a6c6c" testListId="8c84fa94-04c1-424b-9868-57a2d4851a1d" />
    <TestEntry testId="149d98a7-c055-7910-1a80-eace83b75200" executionId="843c1895-a629-4617-9b33-ddfb284a4c14" testListId="8c84fa94-04c1-424b-9868-57a2d4851a1d" />
    <TestEntry testId="20f86969-8d7a-2e93-1cd6-2fbb64b22668" executionId="631ac6b5-a837-462c-b632-b7924e8806b0" testListId="8c84fa94-04c1-424b-9868-57a2d4851a1d" />
    <TestEntry testId="edd00216-f22f-3f18-d82f-0cc5a03c7f30" executionId="306baab4-096e-4e20-870d-cf7f02d64a39" testListId="8c84fa94-04c1-424b-9868-57a2d4851a1d" />
    <TestEntry testId="f02aac49-fb7c-1840-74e9-4dff1aa3ea8f" executionId="3077354a-d6f5-40e4-8a40-400c61af83d0" testListId="8c84fa94-04c1-424b-9868-57a2d4851a1d" />
    <TestEntry testId="ce8d2c2b-5d7d-d2aa-d646-b4b6c75415e1" executionId="efe8d002-3905-48f2-867b-4ea87a9f0d32" testListId="8c84fa94-04c1-424b-9868-57a2d4851a1d" />
    <TestEntry testId="981b668b-1cc2-7f81-1ffc-ba92edf5122b" executionId="b186946d-85cf-40c9-bd55-a9996a96f775" testListId="8c84fa94-04c1-424b-9868-57a2d4851a1d" />
    <TestEntry testId="ca4eb2eb-dae0-98ec-a789-4641b930f5cb" executionId="ee68e320-6645-46c8-b766-18d206937c9a" testListId="8c84fa94-04c1-424b-9868-57a2d4851a1d" />
    <TestEntry testId="f2be6c2b-dd65-346e-bcf3-aaca2788e2dc" executionId="b27284f4-74cb-4986-9111-ba2e43617009" testListId="8c84fa94-04c1-424b-9868-57a2d4851a1d" />
    <TestEntry testId="c85856ae-7fd3-a51a-efe1-6ea4fd421acf" executionId="f8173cdd-a7a7-4e0c-9c59-ca4d135a2135" testListId="8c84fa94-04c1-424b-9868-57a2d4851a1d" />
    <TestEntry testId="4ff31a25-1756-51d7-a7de-7e06343ee579" executionId="c7db8345-def8-4019-b0ef-5ccc722f779c" testListId="8c84fa94-04c1-424b-9868-57a2d4851a1d" />
    <TestEntry testId="0c6d9c06-b382-ecba-0b01-11fa3bd84b94" executionId="961db169-f32d-469d-bf8d-73a497b759a0" testListId="8c84fa94-04c1-424b-9868-57a2d4851a1d" />
    <TestEntry testId="82b3ad77-cd95-1e60-7225-a5fb704d172e" executionId="253f0baa-5f2e-4de5-9753-e5baac5726c4" testListId="8c84fa94-04c1-424b-9868-57a2d4851a1d" />
    <TestEntry testId="09dd6471-3b71-3650-7b5f-b1fe43299abf" executionId="d0583df7-8732-41b4-ab53-849fee16d788" testListId="8c84fa94-04c1-424b-9868-57a2d4851a1d" />
    <TestEntry testId="600137cc-42ee-3fe7-3e79-8b40d330a155" executionId="20a7299b-02f3-423d-b4bd-6bc5c21b65c0" testListId="8c84fa94-04c1-424b-9868-57a2d4851a1d" />
    <TestEntry testId="1dd0e556-8749-e09a-2dd4-97f212e01120" executionId="b3160b33-ac71-4f29-98f8-f2f30245bff7" testListId="8c84fa94-04c1-424b-9868-57a2d4851a1d" />
    <TestEntry testId="0a047fa4-4fa1-220c-6696-92d0f145c605" executionId="08c3d6e3-4200-4cbf-91a6-0e774a55229d" testListId="8c84fa94-04c1-424b-9868-57a2d4851a1d" />
    <TestEntry testId="b20eb02d-22b8-cd0d-6211-2e4e4e1061e0" executionId="a14562a2-1cbf-4c38-9667-637280e5d509" testListId="8c84fa94-04c1-424b-9868-57a2d4851a1d" />
    <TestEntry testId="4009c771-7943-7e1d-39f1-7fbc5950b1fc" executionId="dd4261e8-8b8d-4c74-968d-e8887375b192" testListId="8c84fa94-04c1-424b-9868-57a2d4851a1d" />
    <TestEntry testId="1338ea32-b803-f834-c75a-6f13f95a9817" executionId="0b829a57-f9c5-44cc-89b3-eaa0eff3e4b7" testListId="8c84fa94-04c1-424b-9868-57a2d4851a1d" />
    <TestEntry testId="f50639ce-4dbc-1d3c-18dd-86c053493e75" executionId="87fd0073-971d-4a6c-bc66-824b8ee2b87d" testListId="8c84fa94-04c1-424b-9868-57a2d4851a1d" />
    <TestEntry testId="fac62990-0c42-4a68-24ce-0c892005bf06" executionId="ff7765ea-a6c6-4c73-98aa-ee63266c079c" testListId="8c84fa94-04c1-424b-9868-57a2d4851a1d" />
    <TestEntry testId="b22f822c-b6e5-d18f-db16-e2f98bc9c0bc" executionId="609cbf05-c2e5-41e2-ae5c-bd7691ae0d3b" testListId="8c84fa94-04c1-424b-9868-57a2d4851a1d" />
    <TestEntry testId="9d3de903-eeea-1310-a38b-2e83d62428dd" executionId="7b403ea7-7975-4cd6-a5ac-38f57ed32362" testListId="8c84fa94-04c1-424b-9868-57a2d4851a1d" />
    <TestEntry testId="b6bfeb0b-bbdd-1ee9-deaf-8eed5de21675" executionId="f977d8d4-9685-46d5-849f-8b93d2b991da" testListId="8c84fa94-04c1-424b-9868-57a2d4851a1d" />
    <TestEntry testId="de1e3b60-4fb9-178c-c92e-991a6e10c664" executionId="19b9f4ca-9e5f-4efe-bef2-0a8f8701eb63" testListId="8c84fa94-04c1-424b-9868-57a2d4851a1d" />
    <TestEntry testId="a2d434ac-5ad8-46d4-1d0c-b23d84ac9908" executionId="d531f36b-03d4-40ed-8d1b-77a2cdf1c249" testListId="8c84fa94-04c1-424b-9868-57a2d4851a1d" />
    <TestEntry testId="23ce2706-3120-fc37-f35e-eef74a71d0b0" executionId="9c906b68-bf39-4677-9770-ef3bcde9f663" testListId="8c84fa94-04c1-424b-9868-57a2d4851a1d" />
    <TestEntry testId="1f888ede-d792-c2be-8cf5-84884c325e5d" executionId="fe4a3e89-e52e-4b05-ad1d-dbf1152c180a" testListId="8c84fa94-04c1-424b-9868-57a2d4851a1d" />
    <TestEntry testId="99ecf959-8258-232e-3e61-9c462a326b0b" executionId="02269989-0787-46d4-a58d-5c141bb5c68e" testListId="8c84fa94-04c1-424b-9868-57a2d4851a1d" />
    <TestEntry testId="8b41c114-49c4-c34d-f190-d8e699e7f3b2" executionId="dfb4a229-d86b-4521-b625-7904ec518fb3" testListId="8c84fa94-04c1-424b-9868-57a2d4851a1d" />
    <TestEntry testId="d6e1a0d8-af51-5285-e2d8-f5e3d5660459" executionId="2d583c14-33d2-4829-adc2-8b9181fac5a0" testListId="8c84fa94-04c1-424b-9868-57a2d4851a1d" />
    <TestEntry testId="72b7d902-0196-14ea-308d-27ff47bfd413" executionId="80fc1a05-4232-49a4-ad7a-014aedb2db11" testListId="8c84fa94-04c1-424b-9868-57a2d4851a1d" />
    <TestEntry testId="94f0aa57-1364-9add-63ae-0a9345d84214" executionId="da1106b4-3081-4f28-815e-7f20fda147c2" testListId="8c84fa94-04c1-424b-9868-57a2d4851a1d" />
    <TestEntry testId="0d1efe88-0ca1-6a78-e2d2-c906d6190b55" executionId="3ba1bbce-70c9-46cb-8601-96c29eeb8ff1" testListId="8c84fa94-04c1-424b-9868-57a2d4851a1d" />
    <TestEntry testId="4a7f3f91-72e5-e999-d62d-106ce14a0cf8" executionId="d657cf09-8835-4a23-822e-8e389a534436" testListId="8c84fa94-04c1-424b-9868-57a2d4851a1d" />
    <TestEntry testId="9a6e0a18-fd6d-e35a-a22d-18b0730f876c" executionId="61bd9552-d242-46d1-a854-d14e58b6bb9f" testListId="8c84fa94-04c1-424b-9868-57a2d4851a1d" />
    <TestEntry testId="7a5e84e6-e9b4-5f29-7f63-fa9cb3fcda01" executionId="75e36c89-9cbb-474a-abc1-82f87b89357b" testListId="8c84fa94-04c1-424b-9868-57a2d4851a1d" />
    <TestEntry testId="2f692914-c53c-285b-adb6-44db3c6f898d" executionId="a9b5ebcf-ddb1-4210-a471-7f5d3dc5cc69" testListId="8c84fa94-04c1-424b-9868-57a2d4851a1d" />
    <TestEntry testId="32d157c8-92e8-62fc-e5e4-b5c5247f9133" executionId="b4f87c0b-1497-45eb-86a1-abeafbf9398b" testListId="8c84fa94-04c1-424b-9868-57a2d4851a1d" />
    <TestEntry testId="1546c3bb-112b-957d-50ad-a707b21be89b" executionId="dfcdad21-8d45-4bd7-b933-53648c5bbfa8" testListId="8c84fa94-04c1-424b-9868-57a2d4851a1d" />
    <TestEntry testId="c4d1cea2-9aa6-0342-a287-fcde5ca09d4e" executionId="a0225ac6-713e-49e6-877e-b6e709982a8f" testListId="8c84fa94-04c1-424b-9868-57a2d4851a1d" />
    <TestEntry testId="5d2e187c-795a-1755-e37c-ead7203cfdd4" executionId="26085ee4-8360-4c42-a50d-fe333a22945c" testListId="8c84fa94-04c1-424b-9868-57a2d4851a1d" />
    <TestEntry testId="9f5d785b-f18f-c4f0-85f6-31ed806606b5" executionId="e930fa76-b205-46f6-bea0-330d147d4647" testListId="8c84fa94-04c1-424b-9868-57a2d4851a1d" />
    <TestEntry testId="50ed26f4-8c34-97da-4b6b-e114b8803b0e" executionId="b2b1e9b5-f1be-46a7-a222-ba9ed6a79043" testListId="8c84fa94-04c1-424b-9868-57a2d4851a1d" />
    <TestEntry testId="e4e3702f-6204-b683-d756-6030879425c0" executionId="170a97b7-25c3-4cd1-9b7e-13b43f23361f" testListId="8c84fa94-04c1-424b-9868-57a2d4851a1d" />
    <TestEntry testId="778544f0-a211-ec95-a56a-4244c70bda63" executionId="28614395-226d-4134-983b-ecce45b6396e" testListId="8c84fa94-04c1-424b-9868-57a2d4851a1d" />
    <TestEntry testId="483ce687-2d7e-03b2-bf20-df3ea267862e" executionId="fdc319fc-50b1-4baf-8607-c4d2e801f5e8" testListId="8c84fa94-04c1-424b-9868-57a2d4851a1d" />
    <TestEntry testId="232db259-e048-ec80-c3b7-073ad68d33a7" executionId="081431bc-768d-438b-b8ea-481e52c84565" testListId="8c84fa94-04c1-424b-9868-57a2d4851a1d" />
    <TestEntry testId="f9bc9958-e230-7e49-b21b-fb8379fb6960" executionId="d3dd8ead-c2c7-46b7-910c-3613d162fc18" testListId="8c84fa94-04c1-424b-9868-57a2d4851a1d" />
    <TestEntry testId="2226056d-9005-6304-6229-4f0fded9cd3a" executionId="80f84421-0968-4993-88ab-b214a2440147" testListId="8c84fa94-04c1-424b-9868-57a2d4851a1d" />
    <TestEntry testId="69671295-1f0b-bea1-561d-1bf4eed75bc6" executionId="9322b5d5-1306-40dd-a194-c4f0dd2fe394" testListId="8c84fa94-04c1-424b-9868-57a2d4851a1d" />
    <TestEntry testId="e692165c-4798-0f61-47e5-5c885ed2785d" executionId="06015cc5-a461-4780-b1ee-cb512cc6de6c" testListId="8c84fa94-04c1-424b-9868-57a2d4851a1d" />
    <TestEntry testId="f79f6b47-f832-5aae-269d-7eaeecd2564b" executionId="2909468b-d492-47bf-9604-adf8127b200f" testListId="8c84fa94-04c1-424b-9868-57a2d4851a1d" />
    <TestEntry testId="644ba779-a3f4-4712-0ea4-3ec2999a8cd2" executionId="375f2c7a-5bef-4c47-92e0-103be5e3825f" testListId="8c84fa94-04c1-424b-9868-57a2d4851a1d" />
    <TestEntry testId="5c238155-9fd4-28b2-abd8-b444e5b4d9b7" executionId="a49c7ec9-86c9-422e-8c97-da21cf85431e" testListId="8c84fa94-04c1-424b-9868-57a2d4851a1d" />
    <TestEntry testId="78dd6ce9-2010-a31c-98b4-b511af3c6dc0" executionId="c0850155-9ed5-4699-bc8a-c8d78c7972a0" testListId="8c84fa94-04c1-424b-9868-57a2d4851a1d" />
    <TestEntry testId="f4356c2e-3be2-7069-a1f6-dc9378aad227" executionId="684bed56-21e1-4917-ae66-d891839b49ff" testListId="8c84fa94-04c1-424b-9868-57a2d4851a1d" />
    <TestEntry testId="5c89ebc6-90bb-10cb-cedc-3f5accd999f1" executionId="4455d33d-9dc7-4c8a-b19f-42a6a15f0fb5" testListId="8c84fa94-04c1-424b-9868-57a2d4851a1d" />
    <TestEntry testId="2c3f88e3-e296-9dbe-34b4-dfa03a9c5584" executionId="c8e750a1-c236-48ac-930d-379b8eb200a0" testListId="8c84fa94-04c1-424b-9868-57a2d4851a1d" />
    <TestEntry testId="e56e0ec2-aa50-7fe5-d54d-43078a6e35f4" executionId="f1fa338c-719d-4644-8ffb-878d8f33ffc7" testListId="8c84fa94-04c1-424b-9868-57a2d4851a1d" />
    <TestEntry testId="86afa48a-a085-ea17-2997-dabd5210641c" executionId="632e028f-5874-44a8-b136-a6df0b2f5092" testListId="8c84fa94-04c1-424b-9868-57a2d4851a1d" />
    <TestEntry testId="6bc5d110-955a-bbbe-553c-75ec9a6f5806" executionId="bed03b44-ddd9-47b9-85cc-b7188d0f9a6b" testListId="8c84fa94-04c1-424b-9868-57a2d4851a1d" />
    <TestEntry testId="7941d2de-2f60-35b7-cf62-aee928715ec3" executionId="0c1c83d5-a0ac-41a2-8590-3eb82aa3c3d1" testListId="8c84fa94-04c1-424b-9868-57a2d4851a1d" />
    <TestEntry testId="fbc4afca-75df-e12e-2442-adde86f10e93" executionId="b8121695-b6b8-4119-a2be-b7044c1a12e8" testListId="8c84fa94-04c1-424b-9868-57a2d4851a1d" />
    <TestEntry testId="fe6dd007-23af-3cd5-4839-bdfb2b0c473c" executionId="4e556cf9-266e-4a97-907b-8620f8d875f2" testListId="8c84fa94-04c1-424b-9868-57a2d4851a1d" />
    <TestEntry testId="8265ce15-a662-e333-ed21-d6d5f2063ca3" executionId="b74a301c-c515-4624-8136-6955e32d84ec" testListId="8c84fa94-04c1-424b-9868-57a2d4851a1d" />
    <TestEntry testId="246701f9-0d91-5fb1-bebf-383f892b7800" executionId="7d4c4d1f-a9ba-44a0-bbf8-85b3f9a8b99a" testListId="8c84fa94-04c1-424b-9868-57a2d4851a1d" />
    <TestEntry testId="83718c6a-d292-3909-64ce-702e3b0201cb" executionId="600a9cd5-8380-4eaf-acfa-29cf7b7a028d" testListId="8c84fa94-04c1-424b-9868-57a2d4851a1d" />
    <TestEntry testId="460a2a69-9ab5-c3c8-87d1-ed376b12c0d7" executionId="fe37903c-2da6-4f4e-a1e4-544661fe7ddc" testListId="8c84fa94-04c1-424b-9868-57a2d4851a1d" />
    <TestEntry testId="7ee7bde8-60cd-80a9-270d-9adeab9abd14" executionId="1897d88d-ede5-4543-bf28-688b17f460a2" testListId="8c84fa94-04c1-424b-9868-57a2d4851a1d" />
  </TestEntries>
  <TestLists>
    <TestList name="Resultados que não estão em uma lista" id="8c84fa94-04c1-424b-9868-57a2d4851a1d" />
    <TestList name="Todos os resultados carregados" id="19431567-8539-422a-85d7-44ee4e166bda" />
  </TestLists>
  <ResultSummary outcome="Completed">
    <Counters total="97" executed="97" passed="97" failed="0" error="0" timeout="0" aborted="0" inconclusive="0" passedButRunAborted="0" notRunnable="0" notExecuted="0" disconnected="0" warning="0" completed="0" inProgress="0" pending="0" />
    <Output>
      <StdOut>[xUnit.net 00:00:00.00] xUnit.net VSTest Adapter v2.5.6+bf9b858c26 (64-bit .NET 8.0.16)&#xD;
[xUnit.net 00:00:00.18]   Discovering: OmniSuite.Tests&#xD;
[xUnit.net 00:00:00.21]   Discovered:  OmniSuite.Tests&#xD;
[xUnit.net 00:00:00.21]   Starting:    OmniSuite.Tests&#xD;
[xUnit.net 00:00:01.11]   Finished:    OmniSuite.Tests&#xD;
</StdOut>
    </Output>
    <CollectorDataEntries>
      <Collector agentName="NTMAC-TEC62" uri="datacollector://microsoft/CoverletCodeCoverage/1.0" collectorDisplayName="XPlat code coverage">
        <UriAttachments>
          <UriAttachment>
            <A href="NTMAC-TEC62\coverage.opencover.xml"></A>
          </UriAttachment>
        </UriAttachments>
      </Collector>
    </CollectorDataEntries>
  </ResultSummary>
</TestRun>